2023-04-19 17:54:26,720 INFO [31m[1mWARNING: This is a development server. Do not use it in a production deployment. Use a production WSGI server instead.[0m
 * Running on http://127.0.0.1:5000
2023-04-19 17:54:26,720 INFO [33mPress CTRL+C to quit[0m
2023-04-20 16:27:17,053 INFO [31m[1mWARNING: This is a development server. Do not use it in a production deployment. Use a production WSGI server instead.[0m
 * Running on http://127.0.0.1:5000
2023-04-20 16:27:17,053 INFO [33mPress CTRL+C to quit[0m
2023-04-20 16:56:57,106 INFO [31m[1mWARNING: This is a development server. Do not use it in a production deployment. Use a production WSGI server instead.[0m
 * Running on http://127.0.0.1:5000
2023-04-20 16:56:57,107 INFO [33mPress CTRL+C to quit[0m
2023-04-21 03:08:40,022 INFO [31m[1mWARNING: This is a development server. Do not use it in a production deployment. Use a production WSGI server instead.[0m
 * Running on http://127.0.0.1:5000
2023-04-21 03:08:40,023 INFO [33mPress CTRL+C to quit[0m
2023-04-21 05:02:13,056 INFO [31m[1mWARNING: This is a development server. Do not use it in a production deployment. Use a production WSGI server instead.[0m
 * Running on http://127.0.0.1:5000
2023-04-21 05:02:13,056 INFO [33mPress CTRL+C to quit[0m
2023-04-21 05:04:31,019 INFO [31m[1mWARNING: This is a development server. Do not use it in a production deployment. Use a production WSGI server instead.[0m
 * Running on http://127.0.0.1:5000
2023-04-21 05:04:31,020 INFO [33mPress CTRL+C to quit[0m
2023-04-21 05:08:33,148 INFO [31m[1mWARNING: This is a development server. Do not use it in a production deployment. Use a production WSGI server instead.[0m
 * Running on http://127.0.0.1:5000
2023-04-21 05:08:33,148 INFO [33mPress CTRL+C to quit[0m
2023-04-21 05:12:09,706 INFO [31m[1mWARNING: This is a development server. Do not use it in a production deployment. Use a production WSGI server instead.[0m
 * Running on http://127.0.0.1:5000
2023-04-21 05:12:09,706 INFO [33mPress CTRL+C to quit[0m
2023-04-21 05:18:48,122 INFO [31m[1mWARNING: This is a development server. Do not use it in a production deployment. Use a production WSGI server instead.[0m
 * Running on http://127.0.0.1:5000
2023-04-21 05:18:48,123 INFO [33mPress CTRL+C to quit[0m
2023-04-21 05:20:04,089 INFO [31m[1mWARNING: This is a development server. Do not use it in a production deployment. Use a production WSGI server instead.[0m
 * Running on http://127.0.0.1:5000
2023-04-21 05:20:04,090 INFO [33mPress CTRL+C to quit[0m
2023-04-21 05:33:41,074 INFO [31m[1mWARNING: This is a development server. Do not use it in a production deployment. Use a production WSGI server instead.[0m
 * Running on http://127.0.0.1:5000
2023-04-21 05:33:41,074 INFO [33mPress CTRL+C to quit[0m
2023-04-21 05:41:13,041 INFO [31m[1mWARNING: This is a development server. Do not use it in a production deployment. Use a production WSGI server instead.[0m
 * Running on http://127.0.0.1:5000
2023-04-21 05:41:13,041 INFO [33mPress CTRL+C to quit[0m
2023-04-21 05:41:41,021 INFO 127.0.0.1 - - [21/Apr/2023 05:41:41] "POST /api/v1/save_info?saved_existing_data=TRUE HTTP/1.1" 200 -
2023-04-21 05:43:05,756 INFO [31m[1mWARNING: This is a development server. Do not use it in a production deployment. Use a production WSGI server instead.[0m
 * Running on http://127.0.0.1:5000
2023-04-21 05:43:05,756 INFO [33mPress CTRL+C to quit[0m
2023-04-21 05:43:17,236 INFO 127.0.0.1 - - [21/Apr/2023 05:43:17] "POST /api/v1/save_info?saved_existing_data=TRUE HTTP/1.1" 200 -
2023-04-21 06:03:10,373 INFO [31m[1mWARNING: This is a development server. Do not use it in a production deployment. Use a production WSGI server instead.[0m
 * Running on http://127.0.0.1:5000
2023-04-21 06:03:10,373 INFO [33mPress CTRL+C to quit[0m
2023-04-21 06:04:02,128 INFO SaveSalaryInformationServiceImpl: save salary information
2023-04-21 06:04:02,141 INFO SaveSalaryInformationServiceImpl: Successfully saved the information's provided
2023-04-21 06:04:02,143 INFO 127.0.0.1 - - [21/Apr/2023 06:04:02] "POST /api/v1/save_info?saved_existing_data=FALSE HTTP/1.1" 200 -
2023-04-21 06:42:37,019 INFO [31m[1mWARNING: This is a development server. Do not use it in a production deployment. Use a production WSGI server instead.[0m
 * Running on http://127.0.0.1:5000
2023-04-21 06:42:37,020 INFO [33mPress CTRL+C to quit[0m
2023-04-21 07:00:46,027 INFO [31m[1mWARNING: This is a development server. Do not use it in a production deployment. Use a production WSGI server instead.[0m
 * Running on http://127.0.0.1:5000
2023-04-21 07:00:46,027 INFO [33mPress CTRL+C to quit[0m
2023-04-21 07:02:07,092 INFO 127.0.0.1 - - [21/Apr/2023 07:02:07] "POST /api/v1/encoded?encode_specific=True HTTP/1.1" 200 -
2023-04-21 07:02:14,873 INFO 127.0.0.1 - - [21/Apr/2023 07:02:14] "POST /api/v1/encoded?encode_specific=FALSE HTTP/1.1" 200 -
2023-04-21 07:03:52,058 INFO 127.0.0.1 - - [21/Apr/2023 07:03:52] "POST /api/v1/encoded?encode_specific=FALSE HTTP/1.1" 200 -
2023-04-21 07:04:48,508 INFO [31m[1mWARNING: This is a development server. Do not use it in a production deployment. Use a production WSGI server instead.[0m
 * Running on http://127.0.0.1:5000
2023-04-21 07:04:48,508 INFO [33mPress CTRL+C to quit[0m
2023-04-21 07:04:59,705 INFO 127.0.0.1 - - [21/Apr/2023 07:04:59] "POST /api/v1/encoded?encode_specific=FALSE HTTP/1.1" 200 -
2023-04-21 07:05:32,276 INFO [31m[1mWARNING: This is a development server. Do not use it in a production deployment. Use a production WSGI server instead.[0m
 * Running on http://127.0.0.1:5000
2023-04-21 07:05:32,276 INFO [33mPress CTRL+C to quit[0m
2023-04-21 07:06:09,922 INFO 127.0.0.1 - - [21/Apr/2023 07:06:09] "POST /api/v1/encoded?encode_specific=FALSE HTTP/1.1" 200 -
2023-04-21 07:08:14,736 INFO [31m[1mWARNING: This is a development server. Do not use it in a production deployment. Use a production WSGI server instead.[0m
 * Running on http://127.0.0.1:5000
2023-04-21 07:08:14,736 INFO [33mPress CTRL+C to quit[0m
2023-04-21 07:08:23,932 INFO 127.0.0.1 - - [21/Apr/2023 07:08:23] "POST /api/v1/encoded?encode_specific=FALSE HTTP/1.1" 200 -
2023-04-21 07:08:47,516 INFO 127.0.0.1 - - [21/Apr/2023 07:08:47] "POST /api/v1/encoded?encode_specific=TRUE HTTP/1.1" 200 -
2023-04-21 07:10:07,270 INFO [31m[1mWARNING: This is a development server. Do not use it in a production deployment. Use a production WSGI server instead.[0m
 * Running on http://127.0.0.1:5000
2023-04-21 07:10:07,271 INFO [33mPress CTRL+C to quit[0m
2023-04-21 07:10:13,040 INFO 127.0.0.1 - - [21/Apr/2023 07:10:13] "POST /api/v1/encoded?encode_specific=YES HTTP/1.1" 200 -
2023-04-21 07:10:17,609 INFO 127.0.0.1 - - [21/Apr/2023 07:10:17] "POST /api/v1/encoded?encode_specific=NO HTTP/1.1" 200 -
2023-04-21 07:13:59,988 INFO [31m[1mWARNING: This is a development server. Do not use it in a production deployment. Use a production WSGI server instead.[0m
 * Running on http://127.0.0.1:5000
2023-04-21 07:13:59,988 INFO [33mPress CTRL+C to quit[0m
2023-04-21 07:14:06,001 INFO 127.0.0.1 - - [21/Apr/2023 07:14:06] "POST /api/v1/encoded?encode_specific=NO HTTP/1.1" 200 -
2023-04-21 07:20:43,213 INFO [31m[1mWARNING: This is a development server. Do not use it in a production deployment. Use a production WSGI server instead.[0m
 * Running on http://127.0.0.1:5000
2023-04-21 07:20:43,213 INFO [33mPress CTRL+C to quit[0m
2023-04-21 07:23:53,094 INFO [31m[1mWARNING: This is a development server. Do not use it in a production deployment. Use a production WSGI server instead.[0m
 * Running on http://127.0.0.1:5000
2023-04-21 07:23:53,094 INFO [33mPress CTRL+C to quit[0m
2023-04-21 07:24:03,446 INFO 127.0.0.1 - - [21/Apr/2023 07:24:03] "POST /api/v1/encoded?encode_specific=NO HTTP/1.1" 200 -
2023-04-21 07:28:15,805 INFO [31m[1mWARNING: This is a development server. Do not use it in a production deployment. Use a production WSGI server instead.[0m
 * Running on http://127.0.0.1:5000
2023-04-21 07:28:15,805 INFO [33mPress CTRL+C to quit[0m
2023-04-21 07:28:26,090 INFO 127.0.0.1 - - [21/Apr/2023 07:28:26] "POST /api/v1/encoded?encode_specific=NO HTTP/1.1" 200 -
2023-04-21 07:29:14,970 INFO [31m[1mWARNING: This is a development server. Do not use it in a production deployment. Use a production WSGI server instead.[0m
 * Running on http://127.0.0.1:5000
2023-04-21 07:29:14,970 INFO [33mPress CTRL+C to quit[0m
2023-04-21 07:29:19,112 INFO 127.0.0.1 - - [21/Apr/2023 07:29:19] "POST /api/v1/encoded?encode_specific=NO HTTP/1.1" 200 -
2023-04-21 16:04:02,947 INFO [31m[1mWARNING: This is a development server. Do not use it in a production deployment. Use a production WSGI server instead.[0m
 * Running on http://127.0.0.1:5000
2023-04-21 16:04:02,947 INFO [33mPress CTRL+C to quit[0m
2023-04-21 16:04:25,554 INFO 127.0.0.1 - - [21/Apr/2023 16:04:25] "POST /api/v1/encoded?encode_specific=NO HTTP/1.1" 200 -
2023-04-21 16:07:31,447 INFO [31m[1mWARNING: This is a development server. Do not use it in a production deployment. Use a production WSGI server instead.[0m
 * Running on http://127.0.0.1:5000
2023-04-21 16:07:31,447 INFO [33mPress CTRL+C to quit[0m
2023-04-21 16:07:35,724 INFO 127.0.0.1 - - [21/Apr/2023 16:07:35] "POST /api/v1/encoded?encode_specific=NO HTTP/1.1" 200 -
2023-04-21 16:07:54,098 ERROR Exception on /api/v1/get_recommendation [POST]
Traceback (most recent call last):
  File "C:\Users\shaza\PycharmProjects\pythonProject\venv\lib\site-packages\flask\app.py", line 2528, in wsgi_app
    response = self.full_dispatch_request()
  File "C:\Users\shaza\PycharmProjects\pythonProject\venv\lib\site-packages\flask\app.py", line 1825, in full_dispatch_request
    rv = self.handle_user_exception(e)
  File "C:\Users\shaza\PycharmProjects\pythonProject\venv\lib\site-packages\flask\app.py", line 1823, in full_dispatch_request
    rv = self.dispatch_request()
  File "C:\Users\shaza\PycharmProjects\pythonProject\venv\lib\site-packages\flask\app.py", line 1799, in dispatch_request
    return self.ensure_sync(self.view_functions[rule.endpoint])(**view_args)
  File "D:\FYP\Implementation\FYP-Implementation-for-deloyment\salary-recommendation-backend\main.py", line 67, in get_recommendation
    created_response = get_recommendation_result.save(db_session,
  File "D:\FYP\Implementation\FYP-Implementation-for-deloyment\salary-recommendation-backend\ServiceImplementation\GetRecommendationServiceImpl.py", line 66, in save
    if len(encoded_service_impl) != 0:
TypeError: object of type 'Response' has no len()
2023-04-21 16:07:54,112 INFO 127.0.0.1 - - [21/Apr/2023 16:07:54] "[35m[1mPOST /api/v1/get_recommendation HTTP/1.1[0m" 500 -
2023-04-21 16:09:21,942 INFO [31m[1mWARNING: This is a development server. Do not use it in a production deployment. Use a production WSGI server instead.[0m
 * Running on http://127.0.0.1:5000
2023-04-21 16:09:21,942 INFO [33mPress CTRL+C to quit[0m
2023-04-21 16:12:31,923 INFO [31m[1mWARNING: This is a development server. Do not use it in a production deployment. Use a production WSGI server instead.[0m
 * Running on http://127.0.0.1:5000
2023-04-21 16:12:31,923 INFO [33mPress CTRL+C to quit[0m
2023-04-21 16:12:48,588 ERROR Exception on /api/v1/get_recommendation [POST]
Traceback (most recent call last):
  File "C:\Users\shaza\PycharmProjects\pythonProject\venv\lib\site-packages\flask\app.py", line 2528, in wsgi_app
    response = self.full_dispatch_request()
  File "C:\Users\shaza\PycharmProjects\pythonProject\venv\lib\site-packages\flask\app.py", line 1825, in full_dispatch_request
    rv = self.handle_user_exception(e)
  File "C:\Users\shaza\PycharmProjects\pythonProject\venv\lib\site-packages\flask\app.py", line 1823, in full_dispatch_request
    rv = self.dispatch_request()
  File "C:\Users\shaza\PycharmProjects\pythonProject\venv\lib\site-packages\flask\app.py", line 1799, in dispatch_request
    return self.ensure_sync(self.view_functions[rule.endpoint])(**view_args)
  File "D:\FYP\Implementation\FYP-Implementation-for-deloyment\salary-recommendation-backend\main.py", line 67, in get_recommendation
    created_response = get_recommendation_result.save(db_session,recommendation_system)
  File "D:\FYP\Implementation\FYP-Implementation-for-deloyment\salary-recommendation-backend\ServiceImplementation\GetRecommendationServiceImpl.py", line 66, in save
    if len(encoded_service_impl) != 0:
TypeError: object of type 'Response' has no len()
2023-04-21 16:12:48,590 INFO 127.0.0.1 - - [21/Apr/2023 16:12:48] "[35m[1mPOST /api/v1/get_recommendation HTTP/1.1[0m" 500 -
2023-04-21 16:15:03,704 INFO [31m[1mWARNING: This is a development server. Do not use it in a production deployment. Use a production WSGI server instead.[0m
 * Running on http://127.0.0.1:5000
2023-04-21 16:15:03,704 INFO [33mPress CTRL+C to quit[0m
2023-04-21 16:20:43,933 INFO [31m[1mWARNING: This is a development server. Do not use it in a production deployment. Use a production WSGI server instead.[0m
 * Running on http://127.0.0.1:5000
2023-04-21 16:20:43,933 INFO [33mPress CTRL+C to quit[0m
2023-04-21 16:21:44,886 INFO [31m[1mWARNING: This is a development server. Do not use it in a production deployment. Use a production WSGI server instead.[0m
 * Running on http://127.0.0.1:5000
2023-04-21 16:21:44,886 INFO [33mPress CTRL+C to quit[0m
2023-04-21 16:22:23,209 INFO [31m[1mWARNING: This is a development server. Do not use it in a production deployment. Use a production WSGI server instead.[0m
 * Running on http://127.0.0.1:5000
2023-04-21 16:22:23,209 INFO [33mPress CTRL+C to quit[0m
2023-04-21 16:22:26,482 ERROR Exception on /api/v1/get_recommendation [POST]
Traceback (most recent call last):
  File "C:\Users\shaza\PycharmProjects\pythonProject\venv\lib\site-packages\flask\app.py", line 2528, in wsgi_app
    response = self.full_dispatch_request()
  File "C:\Users\shaza\PycharmProjects\pythonProject\venv\lib\site-packages\flask\app.py", line 1825, in full_dispatch_request
    rv = self.handle_user_exception(e)
  File "C:\Users\shaza\PycharmProjects\pythonProject\venv\lib\site-packages\flask\app.py", line 1823, in full_dispatch_request
    rv = self.dispatch_request()
  File "C:\Users\shaza\PycharmProjects\pythonProject\venv\lib\site-packages\flask\app.py", line 1799, in dispatch_request
    return self.ensure_sync(self.view_functions[rule.endpoint])(**view_args)
  File "D:\FYP\Implementation\FYP-Implementation-for-deloyment\salary-recommendation-backend\main.py", line 67, in get_recommendation
    created_response = get_recommendation_result.save(db_session,recommendation_system)
  File "D:\FYP\Implementation\FYP-Implementation-for-deloyment\salary-recommendation-backend\ServiceImplementation\GetRecommendationServiceImpl.py", line 66, in save
    if len(encoded_service_impl) != 0:
TypeError: object of type 'Response' has no len()
2023-04-21 16:22:26,483 INFO 127.0.0.1 - - [21/Apr/2023 16:22:26] "[35m[1mPOST /api/v1/get_recommendation HTTP/1.1[0m" 500 -
2023-04-21 16:22:35,416 INFO [31m[1mWARNING: This is a development server. Do not use it in a production deployment. Use a production WSGI server instead.[0m
 * Running on http://127.0.0.1:5000
2023-04-21 16:22:35,416 INFO [33mPress CTRL+C to quit[0m
2023-04-21 16:23:16,135 INFO [31m[1mWARNING: This is a development server. Do not use it in a production deployment. Use a production WSGI server instead.[0m
 * Running on http://127.0.0.1:5000
2023-04-21 16:23:16,136 INFO [33mPress CTRL+C to quit[0m
2023-04-21 16:23:35,699 ERROR Exception on /api/v1/get_recommendation [POST]
Traceback (most recent call last):
  File "C:\Users\shaza\PycharmProjects\pythonProject\venv\lib\site-packages\flask\app.py", line 2528, in wsgi_app
    response = self.full_dispatch_request()
  File "C:\Users\shaza\PycharmProjects\pythonProject\venv\lib\site-packages\flask\app.py", line 1825, in full_dispatch_request
    rv = self.handle_user_exception(e)
  File "C:\Users\shaza\PycharmProjects\pythonProject\venv\lib\site-packages\flask\app.py", line 1823, in full_dispatch_request
    rv = self.dispatch_request()
  File "C:\Users\shaza\PycharmProjects\pythonProject\venv\lib\site-packages\flask\app.py", line 1799, in dispatch_request
    return self.ensure_sync(self.view_functions[rule.endpoint])(**view_args)
  File "D:\FYP\Implementation\FYP-Implementation-for-deloyment\salary-recommendation-backend\main.py", line 67, in get_recommendation
    created_response = get_recommendation_result.save(db_session,recommendation_system)
  File "D:\FYP\Implementation\FYP-Implementation-for-deloyment\salary-recommendation-backend\ServiceImplementation\GetRecommendationServiceImpl.py", line 66, in save
    if len(encoded_service_impl) != 0:
TypeError: object of type 'EncodedSalaryConversion' has no len()
2023-04-21 16:23:35,714 INFO 127.0.0.1 - - [21/Apr/2023 16:23:35] "[35m[1mPOST /api/v1/get_recommendation HTTP/1.1[0m" 500 -
2023-04-21 16:24:37,567 INFO [31m[1mWARNING: This is a development server. Do not use it in a production deployment. Use a production WSGI server instead.[0m
 * Running on http://127.0.0.1:5000
2023-04-21 16:24:37,567 INFO [33mPress CTRL+C to quit[0m
2023-04-21 16:27:25,916 INFO [31m[1mWARNING: This is a development server. Do not use it in a production deployment. Use a production WSGI server instead.[0m
 * Running on http://127.0.0.1:5000
2023-04-21 16:27:25,916 INFO [33mPress CTRL+C to quit[0m
2023-04-21 16:29:55,415 INFO [31m[1mWARNING: This is a development server. Do not use it in a production deployment. Use a production WSGI server instead.[0m
 * Running on http://127.0.0.1:5000
2023-04-21 16:29:55,416 INFO [33mPress CTRL+C to quit[0m
2023-04-21 16:31:38,027 INFO [31m[1mWARNING: This is a development server. Do not use it in a production deployment. Use a production WSGI server instead.[0m
 * Running on http://127.0.0.1:5000
2023-04-21 16:31:38,027 INFO [33mPress CTRL+C to quit[0m
2023-04-21 16:31:45,151 ERROR Exception on /api/v1/get_recommendation [POST]
Traceback (most recent call last):
  File "C:\Users\shaza\PycharmProjects\pythonProject\venv\lib\site-packages\flask\app.py", line 2528, in wsgi_app
    response = self.full_dispatch_request()
  File "C:\Users\shaza\PycharmProjects\pythonProject\venv\lib\site-packages\flask\app.py", line 1825, in full_dispatch_request
    rv = self.handle_user_exception(e)
  File "C:\Users\shaza\PycharmProjects\pythonProject\venv\lib\site-packages\flask\app.py", line 1823, in full_dispatch_request
    rv = self.dispatch_request()
  File "C:\Users\shaza\PycharmProjects\pythonProject\venv\lib\site-packages\flask\app.py", line 1799, in dispatch_request
    return self.ensure_sync(self.view_functions[rule.endpoint])(**view_args)
  File "D:\FYP\Implementation\FYP-Implementation-for-deloyment\salary-recommendation-backend\main.py", line 67, in get_recommendation
    created_response = get_recommendation_result.save(db_session,recommendation_system)
  File "D:\FYP\Implementation\FYP-Implementation-for-deloyment\salary-recommendation-backend\ServiceImplementation\GetRecommendationServiceImpl.py", line 66, in save
    print(encoded_service_impl[0]['encoded_value'])
TypeError: list indices must be integers or slices, not str
2023-04-21 16:31:45,153 INFO 127.0.0.1 - - [21/Apr/2023 16:31:45] "[35m[1mPOST /api/v1/get_recommendation HTTP/1.1[0m" 500 -
2023-04-21 16:31:53,085 INFO [31m[1mWARNING: This is a development server. Do not use it in a production deployment. Use a production WSGI server instead.[0m
 * Running on http://127.0.0.1:5000
2023-04-21 16:31:53,085 INFO [33mPress CTRL+C to quit[0m
2023-04-21 16:32:06,821 ERROR Exception on /api/v1/get_recommendation [POST]
Traceback (most recent call last):
  File "C:\Users\shaza\PycharmProjects\pythonProject\venv\lib\site-packages\flask\app.py", line 2528, in wsgi_app
    response = self.full_dispatch_request()
  File "C:\Users\shaza\PycharmProjects\pythonProject\venv\lib\site-packages\flask\app.py", line 1825, in full_dispatch_request
    rv = self.handle_user_exception(e)
  File "C:\Users\shaza\PycharmProjects\pythonProject\venv\lib\site-packages\flask\app.py", line 1823, in full_dispatch_request
    rv = self.dispatch_request()
  File "C:\Users\shaza\PycharmProjects\pythonProject\venv\lib\site-packages\flask\app.py", line 1799, in dispatch_request
    return self.ensure_sync(self.view_functions[rule.endpoint])(**view_args)
  File "D:\FYP\Implementation\FYP-Implementation-for-deloyment\salary-recommendation-backend\main.py", line 67, in get_recommendation
    created_response = get_recommendation_result.save(db_session,recommendation_system)
  File "D:\FYP\Implementation\FYP-Implementation-for-deloyment\salary-recommendation-backend\ServiceImplementation\GetRecommendationServiceImpl.py", line 66, in save
    print(encoded_service_impl[0]['encoded_value'])
TypeError: list indices must be integers or slices, not str
2023-04-21 16:32:06,836 INFO 127.0.0.1 - - [21/Apr/2023 16:32:06] "[35m[1mPOST /api/v1/get_recommendation HTTP/1.1[0m" 500 -
2023-04-21 16:32:33,922 ERROR Exception on /api/v1/get_recommendation [POST]
Traceback (most recent call last):
  File "C:\Users\shaza\PycharmProjects\pythonProject\venv\lib\site-packages\flask\app.py", line 2528, in wsgi_app
    response = self.full_dispatch_request()
  File "C:\Users\shaza\PycharmProjects\pythonProject\venv\lib\site-packages\flask\app.py", line 1825, in full_dispatch_request
    rv = self.handle_user_exception(e)
  File "C:\Users\shaza\PycharmProjects\pythonProject\venv\lib\site-packages\flask\app.py", line 1823, in full_dispatch_request
    rv = self.dispatch_request()
  File "C:\Users\shaza\PycharmProjects\pythonProject\venv\lib\site-packages\flask\app.py", line 1799, in dispatch_request
    return self.ensure_sync(self.view_functions[rule.endpoint])(**view_args)
  File "D:\FYP\Implementation\FYP-Implementation-for-deloyment\salary-recommendation-backend\main.py", line 67, in get_recommendation
    created_response = get_recommendation_result.save(db_session,recommendation_system)
  File "D:\FYP\Implementation\FYP-Implementation-for-deloyment\salary-recommendation-backend\ServiceImplementation\GetRecommendationServiceImpl.py", line 66, in save
    print(encoded_service_impl[0]['encoded_value'])
TypeError: list indices must be integers or slices, not str
2023-04-21 16:32:33,929 INFO 127.0.0.1 - - [21/Apr/2023 16:32:33] "[35m[1mPOST /api/v1/get_recommendation HTTP/1.1[0m" 500 -
2023-04-21 16:35:11,754 INFO [31m[1mWARNING: This is a development server. Do not use it in a production deployment. Use a production WSGI server instead.[0m
 * Running on http://127.0.0.1:5000
2023-04-21 16:35:11,754 INFO [33mPress CTRL+C to quit[0m
2023-04-21 16:37:19,966 INFO [31m[1mWARNING: This is a development server. Do not use it in a production deployment. Use a production WSGI server instead.[0m
 * Running on http://127.0.0.1:5000
2023-04-21 16:37:19,966 INFO [33mPress CTRL+C to quit[0m
2023-04-21 16:37:26,166 ERROR Exception on /api/v1/get_recommendation [POST]
Traceback (most recent call last):
  File "D:\FYP\Implementation\FYP-Implementation-for-deloyment\salary-recommendation-backend\ServiceImplementation\GetRecommendationServiceImpl.py", line 89, in save
    recommendation['content_based_filtering'] = dataframe.to_dict(orient='records')
AttributeError: 'NoneType' object has no attribute 'to_dict'

During handling of the above exception, another exception occurred:

Traceback (most recent call last):
  File "C:\Users\shaza\PycharmProjects\pythonProject\venv\lib\site-packages\flask\app.py", line 2528, in wsgi_app
    response = self.full_dispatch_request()
  File "C:\Users\shaza\PycharmProjects\pythonProject\venv\lib\site-packages\flask\app.py", line 1825, in full_dispatch_request
    rv = self.handle_user_exception(e)
  File "C:\Users\shaza\PycharmProjects\pythonProject\venv\lib\site-packages\flask\app.py", line 1823, in full_dispatch_request
    rv = self.dispatch_request()
  File "C:\Users\shaza\PycharmProjects\pythonProject\venv\lib\site-packages\flask\app.py", line 1799, in dispatch_request
    return self.ensure_sync(self.view_functions[rule.endpoint])(**view_args)
  File "D:\FYP\Implementation\FYP-Implementation-for-deloyment\salary-recommendation-backend\main.py", line 67, in get_recommendation
    created_response = get_recommendation_result.save(db_session,recommendation_system)
  File "D:\FYP\Implementation\FYP-Implementation-for-deloyment\salary-recommendation-backend\ServiceImplementation\GetRecommendationServiceImpl.py", line 106, in save
    recommendation['content_based_filtering'] = dataframe.to_dict(orient='records')
AttributeError: 'NoneType' object has no attribute 'to_dict'
2023-04-21 16:37:26,167 INFO 127.0.0.1 - - [21/Apr/2023 16:37:26] "[35m[1mPOST /api/v1/get_recommendation HTTP/1.1[0m" 500 -
2023-04-21 16:39:23,657 INFO [31m[1mWARNING: This is a development server. Do not use it in a production deployment. Use a production WSGI server instead.[0m
 * Running on http://127.0.0.1:5000
2023-04-21 16:39:23,657 INFO [33mPress CTRL+C to quit[0m
2023-04-21 16:39:43,063 INFO [31m[1mWARNING: This is a development server. Do not use it in a production deployment. Use a production WSGI server instead.[0m
 * Running on http://127.0.0.1:5000
2023-04-21 16:39:43,063 INFO [33mPress CTRL+C to quit[0m
2023-04-21 16:41:52,813 INFO [31m[1mWARNING: This is a development server. Do not use it in a production deployment. Use a production WSGI server instead.[0m
 * Running on http://127.0.0.1:5000
2023-04-21 16:41:52,813 INFO [33mPress CTRL+C to quit[0m
2023-04-21 16:42:01,863 ERROR Exception on /api/v1/get_recommendation [POST]
Traceback (most recent call last):
  File "D:\FYP\Implementation\FYP-Implementation-for-deloyment\salary-recommendation-backend\ServiceImplementation\GetRecommendationServiceImpl.py", line 90, in save
    recommendation['content_based_filtering'] = dataframe.to_dict(orient='records')
AttributeError: 'NoneType' object has no attribute 'to_dict'

During handling of the above exception, another exception occurred:

Traceback (most recent call last):
  File "C:\Users\shaza\PycharmProjects\pythonProject\venv\lib\site-packages\flask\app.py", line 2528, in wsgi_app
    response = self.full_dispatch_request()
  File "C:\Users\shaza\PycharmProjects\pythonProject\venv\lib\site-packages\flask\app.py", line 1825, in full_dispatch_request
    rv = self.handle_user_exception(e)
  File "C:\Users\shaza\PycharmProjects\pythonProject\venv\lib\site-packages\flask\app.py", line 1823, in full_dispatch_request
    rv = self.dispatch_request()
  File "C:\Users\shaza\PycharmProjects\pythonProject\venv\lib\site-packages\flask\app.py", line 1799, in dispatch_request
    return self.ensure_sync(self.view_functions[rule.endpoint])(**view_args)
  File "D:\FYP\Implementation\FYP-Implementation-for-deloyment\salary-recommendation-backend\main.py", line 67, in get_recommendation
    created_response = get_recommendation_result.save(db_session,recommendation_system)
  File "D:\FYP\Implementation\FYP-Implementation-for-deloyment\salary-recommendation-backend\ServiceImplementation\GetRecommendationServiceImpl.py", line 107, in save
    recommendation['content_based_filtering'] = dataframe.to_dict(orient='records')
AttributeError: 'NoneType' object has no attribute 'to_dict'
2023-04-21 16:42:01,867 INFO 127.0.0.1 - - [21/Apr/2023 16:42:01] "[35m[1mPOST /api/v1/get_recommendation HTTP/1.1[0m" 500 -
2023-04-21 16:43:46,989 INFO [31m[1mWARNING: This is a development server. Do not use it in a production deployment. Use a production WSGI server instead.[0m
 * Running on http://127.0.0.1:5000
2023-04-21 16:43:46,989 INFO [33mPress CTRL+C to quit[0m
2023-04-21 16:43:54,105 ERROR Exception on /api/v1/get_recommendation [POST]
Traceback (most recent call last):
  File "D:\FYP\Implementation\FYP-Implementation-for-deloyment\salary-recommendation-backend\ServiceImplementation\GetRecommendationServiceImpl.py", line 90, in save
    recommendation['content_based_filtering'] = dataframe.to_dict(orient='records')
AttributeError: 'NoneType' object has no attribute 'to_dict'

During handling of the above exception, another exception occurred:

Traceback (most recent call last):
  File "C:\Users\shaza\PycharmProjects\pythonProject\venv\lib\site-packages\flask\app.py", line 2528, in wsgi_app
    response = self.full_dispatch_request()
  File "C:\Users\shaza\PycharmProjects\pythonProject\venv\lib\site-packages\flask\app.py", line 1825, in full_dispatch_request
    rv = self.handle_user_exception(e)
  File "C:\Users\shaza\PycharmProjects\pythonProject\venv\lib\site-packages\flask\app.py", line 1823, in full_dispatch_request
    rv = self.dispatch_request()
  File "C:\Users\shaza\PycharmProjects\pythonProject\venv\lib\site-packages\flask\app.py", line 1799, in dispatch_request
    return self.ensure_sync(self.view_functions[rule.endpoint])(**view_args)
  File "D:\FYP\Implementation\FYP-Implementation-for-deloyment\salary-recommendation-backend\main.py", line 67, in get_recommendation
    created_response = get_recommendation_result.save(db_session,recommendation_system)
  File "D:\FYP\Implementation\FYP-Implementation-for-deloyment\salary-recommendation-backend\ServiceImplementation\GetRecommendationServiceImpl.py", line 107, in save
    recommendation['content_based_filtering'] = dataframe.to_dict(orient='records')
AttributeError: 'NoneType' object has no attribute 'to_dict'
2023-04-21 16:43:54,107 INFO 127.0.0.1 - - [21/Apr/2023 16:43:54] "[35m[1mPOST /api/v1/get_recommendation HTTP/1.1[0m" 500 -
2023-04-21 16:44:47,485 INFO [31m[1mWARNING: This is a development server. Do not use it in a production deployment. Use a production WSGI server instead.[0m
 * Running on http://127.0.0.1:5000
2023-04-21 16:44:47,485 INFO [33mPress CTRL+C to quit[0m
2023-04-21 16:49:48,732 INFO [31m[1mWARNING: This is a development server. Do not use it in a production deployment. Use a production WSGI server instead.[0m
 * Running on http://127.0.0.1:5000
2023-04-21 16:49:48,733 INFO [33mPress CTRL+C to quit[0m
2023-04-21 16:52:28,617 INFO [31m[1mWARNING: This is a development server. Do not use it in a production deployment. Use a production WSGI server instead.[0m
 * Running on http://127.0.0.1:5000
2023-04-21 16:52:28,617 INFO [33mPress CTRL+C to quit[0m
2023-04-21 16:52:41,114 INFO [31m[1mWARNING: This is a development server. Do not use it in a production deployment. Use a production WSGI server instead.[0m
 * Running on http://127.0.0.1:5000
2023-04-21 16:52:41,114 INFO [33mPress CTRL+C to quit[0m
2023-04-21 16:53:35,618 INFO [31m[1mWARNING: This is a development server. Do not use it in a production deployment. Use a production WSGI server instead.[0m
 * Running on http://127.0.0.1:5000
2023-04-21 16:53:35,619 INFO [33mPress CTRL+C to quit[0m
2023-04-21 16:55:38,971 INFO [31m[1mWARNING: This is a development server. Do not use it in a production deployment. Use a production WSGI server instead.[0m
 * Running on http://127.0.0.1:5000
2023-04-21 16:55:38,971 INFO [33mPress CTRL+C to quit[0m
2023-04-21 16:57:36,482 INFO [31m[1mWARNING: This is a development server. Do not use it in a production deployment. Use a production WSGI server instead.[0m
 * Running on http://127.0.0.1:5000
2023-04-21 16:57:36,482 INFO [33mPress CTRL+C to quit[0m
2023-04-21 17:00:20,844 INFO [31m[1mWARNING: This is a development server. Do not use it in a production deployment. Use a production WSGI server instead.[0m
 * Running on http://127.0.0.1:5000
2023-04-21 17:00:20,844 INFO [33mPress CTRL+C to quit[0m
2023-04-21 17:18:32,733 INFO [31m[1mWARNING: This is a development server. Do not use it in a production deployment. Use a production WSGI server instead.[0m
 * Running on http://127.0.0.1:5000
2023-04-21 17:18:32,733 INFO [33mPress CTRL+C to quit[0m
2023-04-21 17:21:56,316 INFO [31m[1mWARNING: This is a development server. Do not use it in a production deployment. Use a production WSGI server instead.[0m
 * Running on http://127.0.0.1:5000
2023-04-21 17:21:56,316 INFO [33mPress CTRL+C to quit[0m
2023-04-21 17:23:04,940 ERROR Exception on /api/v1/get_recommendation [POST]
Traceback (most recent call last):
  File "D:\FYP\Implementation\FYP-Implementation-for-deloyment\salary-recommendation-backend\ServiceImplementation\GetRecommendationServiceImpl.py", line 90, in save
    recommendation['content_based_filtering'] = dataframe.to_dict(orient='records')
AttributeError: 'NoneType' object has no attribute 'to_dict'

During handling of the above exception, another exception occurred:

Traceback (most recent call last):
  File "C:\Users\shaza\PycharmProjects\pythonProject\venv\lib\site-packages\flask\app.py", line 2528, in wsgi_app
    response = self.full_dispatch_request()
  File "C:\Users\shaza\PycharmProjects\pythonProject\venv\lib\site-packages\flask\app.py", line 1825, in full_dispatch_request
    rv = self.handle_user_exception(e)
  File "C:\Users\shaza\PycharmProjects\pythonProject\venv\lib\site-packages\flask\app.py", line 1823, in full_dispatch_request
    rv = self.dispatch_request()
  File "C:\Users\shaza\PycharmProjects\pythonProject\venv\lib\site-packages\flask\app.py", line 1799, in dispatch_request
    return self.ensure_sync(self.view_functions[rule.endpoint])(**view_args)
  File "D:\FYP\Implementation\FYP-Implementation-for-deloyment\salary-recommendation-backend\main.py", line 67, in get_recommendation
    created_response = get_recommendation_result.save(db_session,recommendation_system)
  File "D:\FYP\Implementation\FYP-Implementation-for-deloyment\salary-recommendation-backend\ServiceImplementation\GetRecommendationServiceImpl.py", line 107, in save
    recommendation['content_based_filtering'] = dataframe.to_dict(orient='records')
AttributeError: 'NoneType' object has no attribute 'to_dict'
2023-04-21 17:23:04,943 INFO 127.0.0.1 - - [21/Apr/2023 17:23:04] "[35m[1mPOST /api/v1/get_recommendation HTTP/1.1[0m" 500 -
2023-04-21 17:24:55,689 INFO [31m[1mWARNING: This is a development server. Do not use it in a production deployment. Use a production WSGI server instead.[0m
 * Running on http://127.0.0.1:5000
2023-04-21 17:24:55,689 INFO [33mPress CTRL+C to quit[0m
2023-04-21 17:26:32,549 INFO [31m[1mWARNING: This is a development server. Do not use it in a production deployment. Use a production WSGI server instead.[0m
 * Running on http://127.0.0.1:5000
2023-04-21 17:26:32,549 INFO [33mPress CTRL+C to quit[0m
2023-04-21 17:31:05,030 INFO [31m[1mWARNING: This is a development server. Do not use it in a production deployment. Use a production WSGI server instead.[0m
 * Running on http://127.0.0.1:5000
2023-04-21 17:31:05,030 INFO [33mPress CTRL+C to quit[0m
2023-04-21 17:31:17,560 ERROR Exception on /api/v1/get_recommendation [POST]
Traceback (most recent call last):
  File "D:\FYP\Implementation\FYP-Implementation-for-deloyment\salary-recommendation-backend\ServiceImplementation\GetRecommendationServiceImpl.py", line 90, in save
    recommendation['content_based_filtering'] = dataframe.to_dict(orient='records')
AttributeError: 'NoneType' object has no attribute 'to_dict'

During handling of the above exception, another exception occurred:

Traceback (most recent call last):
  File "C:\Users\shaza\PycharmProjects\pythonProject\venv\lib\site-packages\flask\app.py", line 2528, in wsgi_app
    response = self.full_dispatch_request()
  File "C:\Users\shaza\PycharmProjects\pythonProject\venv\lib\site-packages\flask\app.py", line 1825, in full_dispatch_request
    rv = self.handle_user_exception(e)
  File "C:\Users\shaza\PycharmProjects\pythonProject\venv\lib\site-packages\flask\app.py", line 1823, in full_dispatch_request
    rv = self.dispatch_request()
  File "C:\Users\shaza\PycharmProjects\pythonProject\venv\lib\site-packages\flask\app.py", line 1799, in dispatch_request
    return self.ensure_sync(self.view_functions[rule.endpoint])(**view_args)
  File "D:\FYP\Implementation\FYP-Implementation-for-deloyment\salary-recommendation-backend\main.py", line 67, in get_recommendation
    created_response = get_recommendation_result.save(db_session,recommendation_system)
  File "D:\FYP\Implementation\FYP-Implementation-for-deloyment\salary-recommendation-backend\ServiceImplementation\GetRecommendationServiceImpl.py", line 107, in save
    recommendation['content_based_filtering'] = dataframe.to_dict(orient='records')
AttributeError: 'NoneType' object has no attribute 'to_dict'
2023-04-21 17:31:17,562 INFO 127.0.0.1 - - [21/Apr/2023 17:31:17] "[35m[1mPOST /api/v1/get_recommendation HTTP/1.1[0m" 500 -
2023-04-21 17:32:32,788 INFO [31m[1mWARNING: This is a development server. Do not use it in a production deployment. Use a production WSGI server instead.[0m
 * Running on http://127.0.0.1:5000
2023-04-21 17:32:32,789 INFO [33mPress CTRL+C to quit[0m
2023-04-21 17:34:37,712 INFO [31m[1mWARNING: This is a development server. Do not use it in a production deployment. Use a production WSGI server instead.[0m
 * Running on http://127.0.0.1:5000
2023-04-21 17:34:37,713 INFO [33mPress CTRL+C to quit[0m
2023-04-21 17:38:58,292 INFO [31m[1mWARNING: This is a development server. Do not use it in a production deployment. Use a production WSGI server instead.[0m
 * Running on http://127.0.0.1:5000
2023-04-21 17:38:58,292 INFO [33mPress CTRL+C to quit[0m
2023-04-21 17:39:05,445 INFO 127.0.0.1 - - [21/Apr/2023 17:39:05] "POST /api/v1/get_recommendation HTTP/1.1" 200 -
2023-04-21 17:42:08,338 INFO [31m[1mWARNING: This is a development server. Do not use it in a production deployment. Use a production WSGI server instead.[0m
 * Running on http://127.0.0.1:5000
2023-04-21 17:42:08,338 INFO [33mPress CTRL+C to quit[0m
2023-04-21 17:46:54,831 INFO [31m[1mWARNING: This is a development server. Do not use it in a production deployment. Use a production WSGI server instead.[0m
 * Running on http://127.0.0.1:5000
2023-04-21 17:46:54,831 INFO [33mPress CTRL+C to quit[0m
2023-04-21 17:48:02,058 INFO 127.0.0.1 - - [21/Apr/2023 17:48:02] "POST /api/v1/get_recommendation HTTP/1.1" 200 -
2023-04-21 17:52:15,948 INFO [31m[1mWARNING: This is a development server. Do not use it in a production deployment. Use a production WSGI server instead.[0m
 * Running on http://127.0.0.1:5000
2023-04-21 17:52:15,949 INFO [33mPress CTRL+C to quit[0m
2023-04-21 17:52:41,065 INFO 127.0.0.1 - - [21/Apr/2023 17:52:41] "POST /api/v1/get_recommendation HTTP/1.1" 200 -
2023-04-21 17:56:36,471 INFO [31m[1mWARNING: This is a development server. Do not use it in a production deployment. Use a production WSGI server instead.[0m
 * Running on http://127.0.0.1:5000
2023-04-21 17:56:36,471 INFO [33mPress CTRL+C to quit[0m
2023-04-21 17:56:42,679 INFO 127.0.0.1 - - [21/Apr/2023 17:56:42] "PUT /api/v1/rating/1?rating=4 HTTP/1.1" 200 -
2023-04-21 17:58:33,366 INFO [31m[1mWARNING: This is a development server. Do not use it in a production deployment. Use a production WSGI server instead.[0m
 * Running on http://127.0.0.1:5000
2023-04-21 17:58:33,366 INFO [33mPress CTRL+C to quit[0m
2023-04-21 17:58:40,297 INFO 127.0.0.1 - - [21/Apr/2023 17:58:40] "PUT /api/v1/rating/1?rating=4 HTTP/1.1" 200 -
2023-04-21 17:59:54,057 INFO [31m[1mWARNING: This is a development server. Do not use it in a production deployment. Use a production WSGI server instead.[0m
 * Running on http://127.0.0.1:5000
2023-04-21 17:59:54,057 INFO [33mPress CTRL+C to quit[0m
2023-04-21 18:00:06,017 INFO 127.0.0.1 - - [21/Apr/2023 18:00:06] "POST /api/v1/save_info?saved_existing_data=TRUE HTTP/1.1" 200 -
2023-04-21 18:00:24,729 INFO SaveSalaryInformationServiceImpl: save salary information
2023-04-21 18:00:24,732 INFO SaveSalaryInformationServiceImpl: Successfully saved the information's provided
2023-04-21 18:00:24,733 INFO 127.0.0.1 - - [21/Apr/2023 18:00:24] "POST /api/v1/save_info?saved_existing_data=FALSE HTTP/1.1" 200 -
2023-04-21 18:01:07,037 INFO 127.0.0.1 - - [21/Apr/2023 18:01:07] "POST /api/v1/encoded?encode_specific=YES HTTP/1.1" 200 -
2023-04-21 18:01:21,052 INFO 127.0.0.1 - - [21/Apr/2023 18:01:21] "POST /api/v1/encoded?encode_specific=NO HTTP/1.1" 200 -
2023-04-21 18:01:34,287 INFO 127.0.0.1 - - [21/Apr/2023 18:01:34] "POST /api/v1/get_recommendation HTTP/1.1" 200 -
2023-04-21 21:37:39,120 INFO This is an informational message
2023-04-21 21:37:47,006 INFO [31m[1mWARNING: This is a development server. Do not use it in a production deployment. Use a production WSGI server instead.[0m
 * Running on http://127.0.0.1:5000
2023-04-21 21:37:47,006 INFO [33mPress CTRL+C to quit[0m
2023-04-24 01:52:05,164 INFO [31m[1mWARNING: This is a development server. Do not use it in a production deployment. Use a production WSGI server instead.[0m
 * Running on http://127.0.0.1:5000
2023-04-24 01:52:05,165 INFO [33mPress CTRL+C to quit[0m
2023-04-24 02:03:51,808 INFO [31m[1mWARNING: This is a development server. Do not use it in a production deployment. Use a production WSGI server instead.[0m
 * Running on http://127.0.0.1:5000
2023-04-24 02:03:51,808 INFO [33mPress CTRL+C to quit[0m
2023-04-24 02:04:51,273 INFO 127.0.0.1 - - [24/Apr/2023 02:04:51] "[33mGET /api/v1/create_table/recommendation?information_provider=ENCODE_DATA HTTP/1.1[0m" 404 -
2023-04-24 02:05:43,247 INFO 127.0.0.1 - - [24/Apr/2023 02:05:43] "[33mGET /create_table/recommendation?information_provider=ENCODE_DATA HTTP/1.1[0m" 404 -
2023-04-24 02:06:08,439 INFO 127.0.0.1 - - [24/Apr/2023 02:06:08] "[33mGET /create_table/recommendation?information_provider=ENCODE_DATA HTTP/1.1[0m" 404 -
2023-04-24 02:11:11,140 INFO [31m[1mWARNING: This is a development server. Do not use it in a production deployment. Use a production WSGI server instead.[0m
 * Running on http://127.0.0.1:5000
2023-04-24 02:11:11,141 INFO [33mPress CTRL+C to quit[0m
2023-04-24 02:11:23,941 INFO 127.0.0.1 - - [24/Apr/2023 02:11:23] "[33mGET /api/create_table/recommendation?information_provider=ENCODE_DATA HTTP/1.1[0m" 404 -
2023-04-24 02:12:22,498 INFO [31m[1mWARNING: This is a development server. Do not use it in a production deployment. Use a production WSGI server instead.[0m
 * Running on http://127.0.0.1:5000
2023-04-24 02:12:22,498 INFO [33mPress CTRL+C to quit[0m
2023-04-24 02:12:44,971 INFO [31m[1mWARNING: This is a development server. Do not use it in a production deployment. Use a production WSGI server instead.[0m
 * Running on http://127.0.0.1:5000
2023-04-24 02:12:44,971 INFO [33mPress CTRL+C to quit[0m
2023-04-24 02:12:54,619 INFO 127.0.0.1 - - [24/Apr/2023 02:12:54] "[32mGET /api HTTP/1.1[0m" 308 -
2023-04-24 02:12:54,637 INFO 127.0.0.1 - - [24/Apr/2023 02:12:54] "GET /api/ HTTP/1.1" 200 -
2023-04-24 02:13:00,020 INFO 127.0.0.1 - - [24/Apr/2023 02:13:00] "[33mGET /api/create_table/recommendation?information_provider=ENCODE_DATA HTTP/1.1[0m" 404 -
2023-04-24 02:14:11,323 INFO [31m[1mWARNING: This is a development server. Do not use it in a production deployment. Use a production WSGI server instead.[0m
 * Running on http://127.0.0.1:5000
2023-04-24 02:14:11,323 INFO [33mPress CTRL+C to quit[0m
2023-04-24 02:16:05,614 INFO [31m[1mWARNING: This is a development server. Do not use it in a production deployment. Use a production WSGI server instead.[0m
 * Running on http://127.0.0.1:5000
2023-04-24 02:16:05,617 INFO [33mPress CTRL+C to quit[0m
2023-04-24 02:18:35,036 INFO [31m[1mWARNING: This is a development server. Do not use it in a production deployment. Use a production WSGI server instead.[0m
 * Running on http://127.0.0.1:5000
2023-04-24 02:18:35,036 INFO [33mPress CTRL+C to quit[0m
2023-04-24 02:19:01,310 INFO 127.0.0.1 - - [24/Apr/2023 02:19:01] "[32mGET /api HTTP/1.1[0m" 308 -
2023-04-24 02:19:01,336 INFO 127.0.0.1 - - [24/Apr/2023 02:19:01] "GET /api/ HTTP/1.1" 200 -
2023-04-24 02:19:19,287 INFO 127.0.0.1 - - [24/Apr/2023 02:19:19] "[33mPOST /api/v1/save_info?saved_existing_data=TRUE HTTP/1.1[0m" 404 -
2023-04-24 02:19:24,710 ERROR Exception on /api/save_info [POST]
Traceback (most recent call last):
  File "C:\Users\shaza\PycharmProjects\pythonProject\venv\lib\site-packages\flask\app.py", line 2528, in wsgi_app
    response = self.full_dispatch_request()
  File "C:\Users\shaza\PycharmProjects\pythonProject\venv\lib\site-packages\flask\app.py", line 1825, in full_dispatch_request
    rv = self.handle_user_exception(e)
  File "C:\Users\shaza\PycharmProjects\pythonProject\venv\lib\site-packages\flask\app.py", line 1823, in full_dispatch_request
    rv = self.dispatch_request()
  File "C:\Users\shaza\PycharmProjects\pythonProject\venv\lib\site-packages\flask\app.py", line 1799, in dispatch_request
    return self.ensure_sync(self.view_functions[rule.endpoint])(**view_args)
  File "D:\FYP\Implementation\FYP-Implementation-for-deloyment\salary-recommendation-backend\Controller\Controller.py", line 29, in save_salary_information_api
    created_response = saving_data_obj.save_existing_data(db.db_session)
  File "C:\Users\shaza\PycharmProjects\pythonProject\venv\lib\site-packages\flask_sqlalchemy\extension.py", line 1005, in __getattr__
    raise AttributeError(name)
AttributeError: db_session
2023-04-24 02:19:24,766 INFO 127.0.0.1 - - [24/Apr/2023 02:19:24] "[35m[1mPOST /api/save_info?saved_existing_data=TRUE HTTP/1.1[0m" 500 -
2023-04-24 02:20:01,896 INFO 127.0.0.1 - - [24/Apr/2023 02:20:01] "[33mGET /api/v1 HTTP/1.1[0m" 404 -
2023-04-24 02:20:10,961 INFO [31m[1mWARNING: This is a development server. Do not use it in a production deployment. Use a production WSGI server instead.[0m
 * Running on http://127.0.0.1:5000
2023-04-24 02:20:10,961 INFO [33mPress CTRL+C to quit[0m
2023-04-24 02:20:19,618 INFO 127.0.0.1 - - [24/Apr/2023 02:20:19] "[32mGET /api/v1 HTTP/1.1[0m" 308 -
2023-04-24 02:20:19,625 INFO 127.0.0.1 - - [24/Apr/2023 02:20:19] "GET /api/v1/ HTTP/1.1" 200 -
2023-04-24 02:20:40,667 ERROR Exception on /api/v1/save_info [POST]
Traceback (most recent call last):
  File "C:\Users\shaza\PycharmProjects\pythonProject\venv\lib\site-packages\flask\app.py", line 2528, in wsgi_app
    response = self.full_dispatch_request()
  File "C:\Users\shaza\PycharmProjects\pythonProject\venv\lib\site-packages\flask\app.py", line 1825, in full_dispatch_request
    rv = self.handle_user_exception(e)
  File "C:\Users\shaza\PycharmProjects\pythonProject\venv\lib\site-packages\flask\app.py", line 1823, in full_dispatch_request
    rv = self.dispatch_request()
  File "C:\Users\shaza\PycharmProjects\pythonProject\venv\lib\site-packages\flask\app.py", line 1799, in dispatch_request
    return self.ensure_sync(self.view_functions[rule.endpoint])(**view_args)
  File "D:\FYP\Implementation\FYP-Implementation-for-deloyment\salary-recommendation-backend\Controller\Controller.py", line 29, in save_salary_information_api
    created_response = saving_data_obj.save_existing_data(db.db_session)
  File "C:\Users\shaza\PycharmProjects\pythonProject\venv\lib\site-packages\flask_sqlalchemy\extension.py", line 1005, in __getattr__
    raise AttributeError(name)
AttributeError: db_session
2023-04-24 02:20:40,673 INFO 127.0.0.1 - - [24/Apr/2023 02:20:40] "[35m[1mPOST /api/v1/save_info?saved_existing_data=TRUE HTTP/1.1[0m" 500 -
2023-04-24 02:21:03,369 INFO [31m[1mWARNING: This is a development server. Do not use it in a production deployment. Use a production WSGI server instead.[0m
 * Running on http://127.0.0.1:5000
2023-04-24 02:21:03,370 INFO [33mPress CTRL+C to quit[0m
2023-04-24 02:21:17,695 INFO 127.0.0.1 - - [24/Apr/2023 02:21:17] "[32mGET /api/v1 HTTP/1.1[0m" 308 -
2023-04-24 02:21:17,708 INFO 127.0.0.1 - - [24/Apr/2023 02:21:17] "GET /api/v1/ HTTP/1.1" 200 -
2023-04-24 02:22:59,305 INFO [31m[1mWARNING: This is a development server. Do not use it in a production deployment. Use a production WSGI server instead.[0m
 * Running on http://127.0.0.1:5000
2023-04-24 02:22:59,305 INFO [33mPress CTRL+C to quit[0m
2023-04-24 02:23:18,556 INFO 127.0.0.1 - - [24/Apr/2023 02:23:18] "POST /api/v1/save_info?saved_existing_data=TRUE HTTP/1.1" 200 -
2023-04-24 02:23:30,682 INFO 127.0.0.1 - - [24/Apr/2023 02:23:30] "POST /api/v1/encoded HTTP/1.1" 200 -
2023-04-24 02:23:36,613 INFO 127.0.0.1 - - [24/Apr/2023 02:23:36] "POST /api/v1/encoded?encode_specific=YES HTTP/1.1" 200 -
2023-04-24 02:23:57,223 INFO 127.0.0.1 - - [24/Apr/2023 02:23:57] "POST /api/v1/get_recommendation HTTP/1.1" 200 -
2023-04-24 02:28:31,561 INFO [31m[1mWARNING: This is a development server. Do not use it in a production deployment. Use a production WSGI server instead.[0m
 * Running on http://127.0.0.1:5000
2023-04-24 02:28:31,562 INFO [33mPress CTRL+C to quit[0m
2023-04-24 02:29:28,729 INFO 127.0.0.1 - - [24/Apr/2023 02:29:28] "POST /api/v1/save_info?saved_existing_data=TRUE HTTP/1.1" 200 -
2023-04-24 02:35:58,266 INFO [31m[1mWARNING: This is a development server. Do not use it in a production deployment. Use a production WSGI server instead.[0m
 * Running on http://127.0.0.1:5000
2023-04-24 02:35:58,266 INFO [33mPress CTRL+C to quit[0m
2023-04-24 02:36:16,718 INFO 127.0.0.1 - - [24/Apr/2023 02:36:16] "POST /api/v1/get_recommendation HTTP/1.1" 200 -
2023-04-24 02:37:17,223 INFO 127.0.0.1 - - [24/Apr/2023 02:37:17] "POST /api/v1/encoded?encode_specific=YES HTTP/1.1" 200 -
2023-04-24 02:37:23,924 INFO 127.0.0.1 - - [24/Apr/2023 02:37:23] "POST /api/v1/encoded HTTP/1.1" 200 -
2023-04-24 02:37:38,022 INFO 127.0.0.1 - - [24/Apr/2023 02:37:38] "POST /api/v1/get_recommendation HTTP/1.1" 200 -
2023-04-24 04:47:59,880 INFO [31m[1mWARNING: This is a development server. Do not use it in a production deployment. Use a production WSGI server instead.[0m
 * Running on http://127.0.0.1:5000
2023-04-24 04:47:59,881 INFO [33mPress CTRL+C to quit[0m
2023-04-24 05:13:15,000 INFO 127.0.0.1 - - [24/Apr/2023 05:13:14] "OPTIONS /api/v1/get_recommendation HTTP/1.1" 200 -
2023-04-24 05:13:16,434 INFO 127.0.0.1 - - [24/Apr/2023 05:13:16] "POST /api/v1/get_recommendation HTTP/1.1" 200 -
2023-04-24 05:19:37,950 INFO 127.0.0.1 - - [24/Apr/2023 05:19:37] "[33mPOST /get-bird-image HTTP/1.1[0m" 404 -
2023-04-24 05:20:05,160 INFO 127.0.0.1 - - [24/Apr/2023 05:20:05] "[33mGET / HTTP/1.1[0m" 404 -
2023-04-24 05:57:49,568 INFO [31m[1mWARNING: This is a development server. Do not use it in a production deployment. Use a production WSGI server instead.[0m
 * Running on http://127.0.0.1:5000
2023-04-24 05:57:49,569 INFO [33mPress CTRL+C to quit[0m
2023-04-24 06:07:58,336 INFO [31m[1mWARNING: This is a development server. Do not use it in a production deployment. Use a production WSGI server instead.[0m
 * Running on http://127.0.0.1:5000
2023-04-24 06:07:58,337 INFO [33mPress CTRL+C to quit[0m
2023-04-24 06:25:24,446 INFO [31m[1mWARNING: This is a development server. Do not use it in a production deployment. Use a production WSGI server instead.[0m
 * Running on http://127.0.0.1:5000
2023-04-24 06:25:24,446 INFO [33mPress CTRL+C to quit[0m
2023-04-24 06:25:53,323 INFO 127.0.0.1 - - [24/Apr/2023 06:25:53] "POST /api/v1/get_recommendation HTTP/1.1" 200 -
2023-04-24 06:26:02,150 INFO 127.0.0.1 - - [24/Apr/2023 06:26:02] "OPTIONS /api/v1/get_recommendation HTTP/1.1" 200 -
2023-04-24 06:26:02,644 INFO 127.0.0.1 - - [24/Apr/2023 06:26:02] "POST /api/v1/get_recommendation HTTP/1.1" 200 -
2023-04-24 16:02:00,356 INFO [31m[1mWARNING: This is a development server. Do not use it in a production deployment. Use a production WSGI server instead.[0m
 * Running on http://127.0.0.1:5000
2023-04-24 16:02:00,356 INFO [33mPress CTRL+C to quit[0m
2023-04-24 16:02:29,231 INFO 127.0.0.1 - - [24/Apr/2023 16:02:29] "OPTIONS /api/v1/get_recommendation HTTP/1.1" 200 -
2023-04-24 16:02:29,583 INFO 127.0.0.1 - - [24/Apr/2023 16:02:29] "POST /api/v1/get_recommendation HTTP/1.1" 200 -
2023-04-24 16:03:44,800 INFO 127.0.0.1 - - [24/Apr/2023 16:03:44] "OPTIONS /api/v1/rating/52?rating=4 HTTP/1.1" 200 -
2023-04-24 16:03:44,816 INFO 127.0.0.1 - - [24/Apr/2023 16:03:44] "PUT /api/v1/rating/52?rating=4 HTTP/1.1" 200 -
2023-04-24 16:14:15,797 INFO 127.0.0.1 - - [24/Apr/2023 16:14:15] "OPTIONS /api/v1/get_recommendation HTTP/1.1" 200 -
2023-04-24 16:14:15,943 INFO 127.0.0.1 - - [24/Apr/2023 16:14:15] "POST /api/v1/get_recommendation HTTP/1.1" 200 -
2023-04-24 16:24:15,865 INFO 127.0.0.1 - - [24/Apr/2023 16:24:15] "OPTIONS /api/v1/get_recommendation HTTP/1.1" 200 -
2023-04-24 16:24:16,015 INFO 127.0.0.1 - - [24/Apr/2023 16:24:16] "POST /api/v1/get_recommendation HTTP/1.1" 200 -
2023-04-24 16:24:23,295 INFO 127.0.0.1 - - [24/Apr/2023 16:24:23] "OPTIONS /api/v1/rating/373?rating=3 HTTP/1.1" 200 -
2023-04-24 16:24:23,304 INFO 127.0.0.1 - - [24/Apr/2023 16:24:23] "PUT /api/v1/rating/373?rating=3 HTTP/1.1" 200 -
2023-04-24 16:24:43,061 INFO 127.0.0.1 - - [24/Apr/2023 16:24:43] "OPTIONS /api/v1/rating/373?rating=4 HTTP/1.1" 200 -
2023-04-24 16:24:43,068 INFO 127.0.0.1 - - [24/Apr/2023 16:24:43] "PUT /api/v1/rating/373?rating=4 HTTP/1.1" 200 -
2023-04-24 16:24:57,591 INFO 127.0.0.1 - - [24/Apr/2023 16:24:57] "OPTIONS /api/v1/rating/373?rating=1 HTTP/1.1" 200 -
2023-04-24 16:24:57,599 INFO 127.0.0.1 - - [24/Apr/2023 16:24:57] "PUT /api/v1/rating/373?rating=1 HTTP/1.1" 200 -
2023-04-24 16:26:25,296 INFO 127.0.0.1 - - [24/Apr/2023 16:26:25] "OPTIONS /api/v1/rating/2?rating=3 HTTP/1.1" 200 -
2023-04-24 16:26:25,308 INFO 127.0.0.1 - - [24/Apr/2023 16:26:25] "PUT /api/v1/rating/2?rating=3 HTTP/1.1" 200 -
2023-04-24 16:26:36,009 INFO 127.0.0.1 - - [24/Apr/2023 16:26:36] "OPTIONS /api/v1/rating/373?rating=3 HTTP/1.1" 200 -
2023-04-24 16:26:36,018 INFO 127.0.0.1 - - [24/Apr/2023 16:26:36] "PUT /api/v1/rating/373?rating=3 HTTP/1.1" 200 -
2023-04-24 16:27:23,888 INFO 127.0.0.1 - - [24/Apr/2023 16:27:23] "OPTIONS /api/v1/save_info?saved_existing_data=FALSE HTTP/1.1" 200 -
2023-04-24 16:27:23,896 INFO SaveSalaryInformationServiceImpl: save salary information
2023-04-24 16:27:23,904 INFO SaveSalaryInformationServiceImpl: Successfully saved the information's provided
2023-04-24 16:27:23,904 INFO 127.0.0.1 - - [24/Apr/2023 16:27:23] "POST /api/v1/save_info?saved_existing_data=FALSE HTTP/1.1" 200 -
2023-04-24 16:31:06,754 INFO 127.0.0.1 - - [24/Apr/2023 16:31:06] "OPTIONS /api/v1/get_recommendation HTTP/1.1" 200 -
2023-04-24 16:31:07,005 INFO 127.0.0.1 - - [24/Apr/2023 16:31:07] "POST /api/v1/get_recommendation HTTP/1.1" 200 -
2023-04-24 16:31:16,076 INFO 127.0.0.1 - - [24/Apr/2023 16:31:16] "OPTIONS /api/v1/rating/265?rating=3 HTTP/1.1" 200 -
2023-04-24 16:31:16,083 INFO 127.0.0.1 - - [24/Apr/2023 16:31:16] "PUT /api/v1/rating/265?rating=3 HTTP/1.1" 200 -
2023-04-24 16:33:05,444 INFO 127.0.0.1 - - [24/Apr/2023 16:33:05] "OPTIONS /api/v1/rating/265?rating=3 HTTP/1.1" 200 -
2023-04-24 16:33:05,453 INFO 127.0.0.1 - - [24/Apr/2023 16:33:05] "PUT /api/v1/rating/265?rating=3 HTTP/1.1" 200 -
2023-04-24 16:37:30,521 INFO 127.0.0.1 - - [24/Apr/2023 16:37:30] "OPTIONS /api/v1/rating/265?rating=4 HTTP/1.1" 200 -
2023-04-24 16:37:30,533 INFO 127.0.0.1 - - [24/Apr/2023 16:37:30] "PUT /api/v1/rating/265?rating=4 HTTP/1.1" 200 -
2023-04-24 16:59:48,937 INFO 127.0.0.1 - - [24/Apr/2023 16:59:48] "OPTIONS /api/v1/rating/2?rating=5 HTTP/1.1" 200 -
2023-04-24 16:59:48,947 INFO 127.0.0.1 - - [24/Apr/2023 16:59:48] "PUT /api/v1/rating/2?rating=5 HTTP/1.1" 200 -
2023-04-24 17:13:24,479 INFO [31m[1mWARNING: This is a development server. Do not use it in a production deployment. Use a production WSGI server instead.[0m
 * Running on http://127.0.0.1:5000
2023-04-24 17:13:24,479 INFO [33mPress CTRL+C to quit[0m
2023-04-24 17:14:21,626 INFO 127.0.0.1 - - [24/Apr/2023 17:14:21] "OPTIONS /api/v1/get_recommendation HTTP/1.1" 200 -
2023-04-24 17:14:21,903 ERROR Exception on /api/v1/get_recommendation [POST]
Traceback (most recent call last):
  File "D:\FYP\Implementation\FYP-Implementation-for-deloyment\salary-recommendation-backend\ServiceImplementation\GetRecommendationServiceImpl.py", line 90, in save
    recommendation['content_based_filtering'] = dataframe.to_dict(orient='records')
AttributeError: 'NoneType' object has no attribute 'to_dict'

During handling of the above exception, another exception occurred:

Traceback (most recent call last):
  File "C:\Users\shaza\PycharmProjects\pythonProject\venv\lib\site-packages\flask\app.py", line 2528, in wsgi_app
    response = self.full_dispatch_request()
  File "C:\Users\shaza\PycharmProjects\pythonProject\venv\lib\site-packages\flask\app.py", line 1825, in full_dispatch_request
    rv = self.handle_user_exception(e)
  File "C:\Users\shaza\PycharmProjects\pythonProject\venv\lib\site-packages\flask\app.py", line 1823, in full_dispatch_request
    rv = self.dispatch_request()
  File "C:\Users\shaza\PycharmProjects\pythonProject\venv\lib\site-packages\flask\app.py", line 1799, in dispatch_request
    return self.ensure_sync(self.view_functions[rule.endpoint])(**view_args)
  File "D:\FYP\Implementation\FYP-Implementation-for-deloyment\salary-recommendation-backend\Controller\Controller.py", line 67, in get_recommendation
    created_response = get_recommendation_result.save(db.session, recommendation_system)
  File "D:\FYP\Implementation\FYP-Implementation-for-deloyment\salary-recommendation-backend\ServiceImplementation\GetRecommendationServiceImpl.py", line 109, in save
    recommendation['content_based_filtering'] = dataframe.to_dict(orient='records')
AttributeError: 'NoneType' object has no attribute 'to_dict'
2023-04-24 17:14:21,916 INFO 127.0.0.1 - - [24/Apr/2023 17:14:21] "[35m[1mPOST /api/v1/get_recommendation HTTP/1.1[0m" 500 -
2023-04-24 17:14:32,306 INFO [31m[1mWARNING: This is a development server. Do not use it in a production deployment. Use a production WSGI server instead.[0m
 * Running on http://127.0.0.1:5000
2023-04-24 17:14:32,306 INFO [33mPress CTRL+C to quit[0m
2023-04-24 17:14:43,170 INFO 127.0.0.1 - - [24/Apr/2023 17:14:43] "OPTIONS /api/v1/get_recommendation HTTP/1.1" 200 -
2023-04-24 17:14:43,435 ERROR Exception on /api/v1/get_recommendation [POST]
Traceback (most recent call last):
  File "D:\FYP\Implementation\FYP-Implementation-for-deloyment\salary-recommendation-backend\ServiceImplementation\GetRecommendationServiceImpl.py", line 90, in save
    recommendation['content_based_filtering'] = dataframe.to_dict(orient='records')
AttributeError: 'NoneType' object has no attribute 'to_dict'

During handling of the above exception, another exception occurred:

Traceback (most recent call last):
  File "C:\Users\shaza\PycharmProjects\pythonProject\venv\lib\site-packages\flask\app.py", line 2528, in wsgi_app
    response = self.full_dispatch_request()
  File "C:\Users\shaza\PycharmProjects\pythonProject\venv\lib\site-packages\flask\app.py", line 1825, in full_dispatch_request
    rv = self.handle_user_exception(e)
  File "C:\Users\shaza\PycharmProjects\pythonProject\venv\lib\site-packages\flask\app.py", line 1823, in full_dispatch_request
    rv = self.dispatch_request()
  File "C:\Users\shaza\PycharmProjects\pythonProject\venv\lib\site-packages\flask\app.py", line 1799, in dispatch_request
    return self.ensure_sync(self.view_functions[rule.endpoint])(**view_args)
  File "D:\FYP\Implementation\FYP-Implementation-for-deloyment\salary-recommendation-backend\Controller\Controller.py", line 67, in get_recommendation
    created_response = get_recommendation_result.save(db.session, recommendation_system)
  File "D:\FYP\Implementation\FYP-Implementation-for-deloyment\salary-recommendation-backend\ServiceImplementation\GetRecommendationServiceImpl.py", line 109, in save
    recommendation['content_based_filtering'] = dataframe.to_dict(orient='records')
AttributeError: 'NoneType' object has no attribute 'to_dict'
2023-04-24 17:14:43,437 INFO 127.0.0.1 - - [24/Apr/2023 17:14:43] "[35m[1mPOST /api/v1/get_recommendation HTTP/1.1[0m" 500 -
2023-04-24 17:15:07,139 INFO [31m[1mWARNING: This is a development server. Do not use it in a production deployment. Use a production WSGI server instead.[0m
 * Running on http://127.0.0.1:5000
2023-04-24 17:15:07,139 INFO [33mPress CTRL+C to quit[0m
2023-04-24 17:15:16,463 INFO 127.0.0.1 - - [24/Apr/2023 17:15:16] "OPTIONS /api/v1/get_recommendation HTTP/1.1" 200 -
2023-04-24 17:25:05,749 INFO [31m[1mWARNING: This is a development server. Do not use it in a production deployment. Use a production WSGI server instead.[0m
 * Running on http://127.0.0.1:5000
2023-04-24 17:25:05,749 INFO [33mPress CTRL+C to quit[0m
2023-04-24 17:26:04,348 INFO 127.0.0.1 - - [24/Apr/2023 17:26:04] "OPTIONS /api/v1/get_recommendation HTTP/1.1" 200 -
2023-04-24 17:26:04,617 ERROR Exception on /api/v1/get_recommendation [POST]
Traceback (most recent call last):
  File "D:\FYP\Implementation\FYP-Implementation-for-deloyment\salary-recommendation-backend\ServiceImplementation\GetRecommendationServiceImpl.py", line 94, in save
    if len(dataframe) > 0:
TypeError: object of type 'NoneType' has no len()

During handling of the above exception, another exception occurred:

Traceback (most recent call last):
  File "C:\Users\shaza\PycharmProjects\pythonProject\venv\lib\site-packages\flask\app.py", line 2528, in wsgi_app
    response = self.full_dispatch_request()
  File "C:\Users\shaza\PycharmProjects\pythonProject\venv\lib\site-packages\flask\app.py", line 1825, in full_dispatch_request
    rv = self.handle_user_exception(e)
  File "C:\Users\shaza\PycharmProjects\pythonProject\venv\lib\site-packages\flask\app.py", line 1823, in full_dispatch_request
    rv = self.dispatch_request()
  File "C:\Users\shaza\PycharmProjects\pythonProject\venv\lib\site-packages\flask\app.py", line 1799, in dispatch_request
    return self.ensure_sync(self.view_functions[rule.endpoint])(**view_args)
  File "D:\FYP\Implementation\FYP-Implementation-for-deloyment\salary-recommendation-backend\Controller\Controller.py", line 67, in get_recommendation
    created_response = get_recommendation_result.save(db.session, recommendation_system)
  File "D:\FYP\Implementation\FYP-Implementation-for-deloyment\salary-recommendation-backend\ServiceImplementation\GetRecommendationServiceImpl.py", line 123, in save
    if len(dataframe) > 0:
TypeError: object of type 'NoneType' has no len()
2023-04-24 17:26:04,619 INFO 127.0.0.1 - - [24/Apr/2023 17:26:04] "[35m[1mPOST /api/v1/get_recommendation HTTP/1.1[0m" 500 -
2023-04-24 17:28:29,253 INFO [31m[1mWARNING: This is a development server. Do not use it in a production deployment. Use a production WSGI server instead.[0m
 * Running on http://127.0.0.1:5000
2023-04-24 17:28:29,253 INFO [33mPress CTRL+C to quit[0m
2023-04-24 17:28:41,460 INFO 127.0.0.1 - - [24/Apr/2023 17:28:41] "OPTIONS /api/v1/get_recommendation HTTP/1.1" 200 -
2023-04-24 17:28:41,732 ERROR Exception on /api/v1/get_recommendation [POST]
Traceback (most recent call last):
  File "D:\FYP\Implementation\FYP-Implementation-for-deloyment\salary-recommendation-backend\ServiceImplementation\GetRecommendationServiceImpl.py", line 94, in save
    if dataframe.empty:
AttributeError: 'NoneType' object has no attribute 'empty'

During handling of the above exception, another exception occurred:

Traceback (most recent call last):
  File "C:\Users\shaza\PycharmProjects\pythonProject\venv\lib\site-packages\flask\app.py", line 2528, in wsgi_app
    response = self.full_dispatch_request()
  File "C:\Users\shaza\PycharmProjects\pythonProject\venv\lib\site-packages\flask\app.py", line 1825, in full_dispatch_request
    rv = self.handle_user_exception(e)
  File "C:\Users\shaza\PycharmProjects\pythonProject\venv\lib\site-packages\flask\app.py", line 1823, in full_dispatch_request
    rv = self.dispatch_request()
  File "C:\Users\shaza\PycharmProjects\pythonProject\venv\lib\site-packages\flask\app.py", line 1799, in dispatch_request
    return self.ensure_sync(self.view_functions[rule.endpoint])(**view_args)
  File "D:\FYP\Implementation\FYP-Implementation-for-deloyment\salary-recommendation-backend\Controller\Controller.py", line 67, in get_recommendation
    created_response = get_recommendation_result.save(db.session, recommendation_system)
  File "D:\FYP\Implementation\FYP-Implementation-for-deloyment\salary-recommendation-backend\ServiceImplementation\GetRecommendationServiceImpl.py", line 124, in save
    if dataframe.empty:
AttributeError: 'NoneType' object has no attribute 'empty'
2023-04-24 17:28:41,735 INFO 127.0.0.1 - - [24/Apr/2023 17:28:41] "[35m[1mPOST /api/v1/get_recommendation HTTP/1.1[0m" 500 -
2023-04-24 17:29:50,383 INFO [31m[1mWARNING: This is a development server. Do not use it in a production deployment. Use a production WSGI server instead.[0m
 * Running on http://127.0.0.1:5000
2023-04-24 17:29:50,383 INFO [33mPress CTRL+C to quit[0m
2023-04-24 17:30:05,795 INFO 127.0.0.1 - - [24/Apr/2023 17:30:05] "OPTIONS /api/v1/get_recommendation HTTP/1.1" 200 -
2023-04-24 17:30:06,038 INFO 127.0.0.1 - - [24/Apr/2023 17:30:06] "POST /api/v1/get_recommendation HTTP/1.1" 200 -
2023-04-24 17:30:46,396 INFO [31m[1mWARNING: This is a development server. Do not use it in a production deployment. Use a production WSGI server instead.[0m
 * Running on http://127.0.0.1:5000
2023-04-24 17:30:46,396 INFO [33mPress CTRL+C to quit[0m
2023-04-24 17:31:13,234 INFO 127.0.0.1 - - [24/Apr/2023 17:31:13] "OPTIONS /api/v1/get_recommendation HTTP/1.1" 200 -
2023-04-24 17:37:07,967 INFO [31m[1mWARNING: This is a development server. Do not use it in a production deployment. Use a production WSGI server instead.[0m
 * Running on http://127.0.0.1:5000
2023-04-24 17:37:07,967 INFO [33mPress CTRL+C to quit[0m
2023-04-24 17:37:43,504 INFO 127.0.0.1 - - [24/Apr/2023 17:37:43] "OPTIONS /api/v1/get_recommendation HTTP/1.1" 200 -
2023-04-24 17:38:42,833 INFO 127.0.0.1 - - [24/Apr/2023 17:38:42] "POST /api/v1/get_recommendation HTTP/1.1" 200 -
2023-04-25 15:18:15,334 INFO [31m[1mWARNING: This is a development server. Do not use it in a production deployment. Use a production WSGI server instead.[0m
 * Running on http://127.0.0.1:5000
2023-04-25 15:18:15,334 INFO [33mPress CTRL+C to quit[0m
2023-04-25 15:18:21,467 INFO 127.0.0.1 - - [25/Apr/2023 15:18:21] "OPTIONS /api/v1/get_recommendation HTTP/1.1" 200 -
2023-04-25 15:18:22,011 ERROR Exception on /api/v1/get_recommendation [POST]
Traceback (most recent call last):
  File "D:\FYP\Implementation\FYP-Implementation-for-deloyment\salary-recommendation-backend\ServiceImplementation\GetRecommendationServiceImpl.py", line 80, in save
    dataframe, message = content_based_filtering(db_session, saved_information,
ValueError: too many values to unpack (expected 2)

During handling of the above exception, another exception occurred:

Traceback (most recent call last):
  File "C:\Users\shaza\PycharmProjects\pythonProject\venv\lib\site-packages\flask\app.py", line 2528, in wsgi_app
    response = self.full_dispatch_request()
  File "C:\Users\shaza\PycharmProjects\pythonProject\venv\lib\site-packages\flask\app.py", line 1825, in full_dispatch_request
    rv = self.handle_user_exception(e)
  File "C:\Users\shaza\PycharmProjects\pythonProject\venv\lib\site-packages\flask\app.py", line 1823, in full_dispatch_request
    rv = self.dispatch_request()
  File "C:\Users\shaza\PycharmProjects\pythonProject\venv\lib\site-packages\flask\app.py", line 1799, in dispatch_request
    return self.ensure_sync(self.view_functions[rule.endpoint])(**view_args)
  File "D:\FYP\Implementation\FYP-Implementation-for-deloyment\salary-recommendation-backend\Controller\Controller.py", line 67, in get_recommendation
    created_response = get_recommendation_result.save(db.session, recommendation_system)
  File "D:\FYP\Implementation\FYP-Implementation-for-deloyment\salary-recommendation-backend\ServiceImplementation\GetRecommendationServiceImpl.py", line 122, in save
    dataframe, message = content_based_filtering(db_session, saved_information,
ValueError: too many values to unpack (expected 2)
2023-04-25 15:18:22,013 INFO 127.0.0.1 - - [25/Apr/2023 15:18:22] "[35m[1mPOST /api/v1/get_recommendation HTTP/1.1[0m" 500 -
2023-04-25 15:20:05,731 INFO [31m[1mWARNING: This is a development server. Do not use it in a production deployment. Use a production WSGI server instead.[0m
 * Running on http://127.0.0.1:5000
2023-04-25 15:20:05,731 INFO [33mPress CTRL+C to quit[0m
2023-04-25 15:20:18,861 INFO 127.0.0.1 - - [25/Apr/2023 15:20:18] "OPTIONS /api/v1/get_recommendation HTTP/1.1" 200 -
2023-04-25 15:20:19,170 ERROR Exception on /api/v1/get_recommendation [POST]
Traceback (most recent call last):
  File "D:\FYP\Implementation\FYP-Implementation-for-deloyment\salary-recommendation-backend\ServiceImplementation\GetRecommendationServiceImpl.py", line 80, in save
    dataframe, message = content_based_filtering(db_session, saved_information,
ValueError: too many values to unpack (expected 2)

During handling of the above exception, another exception occurred:

Traceback (most recent call last):
  File "C:\Users\shaza\PycharmProjects\pythonProject\venv\lib\site-packages\flask\app.py", line 2528, in wsgi_app
    response = self.full_dispatch_request()
  File "C:\Users\shaza\PycharmProjects\pythonProject\venv\lib\site-packages\flask\app.py", line 1825, in full_dispatch_request
    rv = self.handle_user_exception(e)
  File "C:\Users\shaza\PycharmProjects\pythonProject\venv\lib\site-packages\flask\app.py", line 1823, in full_dispatch_request
    rv = self.dispatch_request()
  File "C:\Users\shaza\PycharmProjects\pythonProject\venv\lib\site-packages\flask\app.py", line 1799, in dispatch_request
    return self.ensure_sync(self.view_functions[rule.endpoint])(**view_args)
  File "D:\FYP\Implementation\FYP-Implementation-for-deloyment\salary-recommendation-backend\Controller\Controller.py", line 67, in get_recommendation
    created_response = get_recommendation_result.save(db.session, recommendation_system)
  File "D:\FYP\Implementation\FYP-Implementation-for-deloyment\salary-recommendation-backend\ServiceImplementation\GetRecommendationServiceImpl.py", line 122, in save
    dataframe, message = content_based_filtering(db_session, saved_information,
ValueError: too many values to unpack (expected 2)
2023-04-25 15:20:19,172 INFO 127.0.0.1 - - [25/Apr/2023 15:20:19] "[35m[1mPOST /api/v1/get_recommendation HTTP/1.1[0m" 500 -
2023-04-25 15:20:37,136 INFO [31m[1mWARNING: This is a development server. Do not use it in a production deployment. Use a production WSGI server instead.[0m
 * Running on http://127.0.0.1:5000
2023-04-25 15:20:37,136 INFO [33mPress CTRL+C to quit[0m
2023-04-25 15:20:43,424 INFO 127.0.0.1 - - [25/Apr/2023 15:20:43] "OPTIONS /api/v1/get_recommendation HTTP/1.1" 200 -
2023-04-25 15:24:44,700 INFO [31m[1mWARNING: This is a development server. Do not use it in a production deployment. Use a production WSGI server instead.[0m
 * Running on http://127.0.0.1:5000
2023-04-25 15:24:44,700 INFO [33mPress CTRL+C to quit[0m
2023-04-25 15:24:54,890 INFO 127.0.0.1 - - [25/Apr/2023 15:24:54] "OPTIONS /api/v1/get_recommendation HTTP/1.1" 200 -
2023-04-25 15:26:37,587 ERROR Exception on /api/v1/get_recommendation [POST]
Traceback (most recent call last):
  File "D:\FYP\Implementation\FYP-Implementation-for-deloyment\salary-recommendation-backend\ServiceImplementation\GetRecommendationServiceImpl.py", line 80, in save
    dataframe, message = content_based_filtering(db_session, saved_information,
ValueError: too many values to unpack (expected 2)

During handling of the above exception, another exception occurred:

Traceback (most recent call last):
  File "C:\Users\shaza\PycharmProjects\pythonProject\venv\lib\site-packages\flask\app.py", line 2528, in wsgi_app
    response = self.full_dispatch_request()
  File "C:\Users\shaza\PycharmProjects\pythonProject\venv\lib\site-packages\flask\app.py", line 1825, in full_dispatch_request
    rv = self.handle_user_exception(e)
  File "C:\Users\shaza\PycharmProjects\pythonProject\venv\lib\site-packages\flask\app.py", line 1823, in full_dispatch_request
    rv = self.dispatch_request()
  File "C:\Users\shaza\PycharmProjects\pythonProject\venv\lib\site-packages\flask\app.py", line 1799, in dispatch_request
    return self.ensure_sync(self.view_functions[rule.endpoint])(**view_args)
  File "D:\FYP\Implementation\FYP-Implementation-for-deloyment\salary-recommendation-backend\Controller\Controller.py", line 67, in get_recommendation
    created_response = get_recommendation_result.save(db.session, recommendation_system)
  File "D:\FYP\Implementation\FYP-Implementation-for-deloyment\salary-recommendation-backend\ServiceImplementation\GetRecommendationServiceImpl.py", line 122, in save
    dataframe, message = content_based_filtering(db_session, saved_information,
ValueError: too many values to unpack (expected 2)
2023-04-25 15:26:39,536 INFO 127.0.0.1 - - [25/Apr/2023 15:26:39] "[35m[1mPOST /api/v1/get_recommendation HTTP/1.1[0m" 500 -
2023-04-25 15:27:09,463 INFO 127.0.0.1 - - [25/Apr/2023 15:27:09] "OPTIONS /api/v1/get_recommendation HTTP/1.1" 200 -
2023-04-25 15:29:56,367 INFO [31m[1mWARNING: This is a development server. Do not use it in a production deployment. Use a production WSGI server instead.[0m
 * Running on http://127.0.0.1:5000
2023-04-25 15:29:56,367 INFO [33mPress CTRL+C to quit[0m
2023-04-25 15:30:13,183 INFO 127.0.0.1 - - [25/Apr/2023 15:30:13] "OPTIONS /api/v1/get_recommendation HTTP/1.1" 200 -
2023-04-25 15:30:13,492 ERROR Exception on /api/v1/get_recommendation [POST]
Traceback (most recent call last):
  File "D:\FYP\Implementation\FYP-Implementation-for-deloyment\salary-recommendation-backend\ServiceImplementation\GetRecommendationServiceImpl.py", line 80, in save
    dataframe, message = content_based_filtering(db_session, saved_information,
ValueError: too many values to unpack (expected 2)

During handling of the above exception, another exception occurred:

Traceback (most recent call last):
  File "C:\Users\shaza\PycharmProjects\pythonProject\venv\lib\site-packages\flask\app.py", line 2528, in wsgi_app
    response = self.full_dispatch_request()
  File "C:\Users\shaza\PycharmProjects\pythonProject\venv\lib\site-packages\flask\app.py", line 1825, in full_dispatch_request
    rv = self.handle_user_exception(e)
  File "C:\Users\shaza\PycharmProjects\pythonProject\venv\lib\site-packages\flask\app.py", line 1823, in full_dispatch_request
    rv = self.dispatch_request()
  File "C:\Users\shaza\PycharmProjects\pythonProject\venv\lib\site-packages\flask\app.py", line 1799, in dispatch_request
    return self.ensure_sync(self.view_functions[rule.endpoint])(**view_args)
  File "D:\FYP\Implementation\FYP-Implementation-for-deloyment\salary-recommendation-backend\Controller\Controller.py", line 67, in get_recommendation
    created_response = get_recommendation_result.save(db.session, recommendation_system)
  File "D:\FYP\Implementation\FYP-Implementation-for-deloyment\salary-recommendation-backend\ServiceImplementation\GetRecommendationServiceImpl.py", line 122, in save
    dataframe, message = content_based_filtering(db_session, saved_information,
ValueError: too many values to unpack (expected 2)
2023-04-25 15:30:13,494 INFO 127.0.0.1 - - [25/Apr/2023 15:30:13] "[35m[1mPOST /api/v1/get_recommendation HTTP/1.1[0m" 500 -
2023-04-25 15:33:50,223 INFO [31m[1mWARNING: This is a development server. Do not use it in a production deployment. Use a production WSGI server instead.[0m
 * Running on http://127.0.0.1:5000
2023-04-25 15:33:50,223 INFO [33mPress CTRL+C to quit[0m
2023-04-25 15:34:05,624 INFO 127.0.0.1 - - [25/Apr/2023 15:34:05] "OPTIONS /api/v1/get_recommendation HTTP/1.1" 200 -
2023-04-25 15:34:05,938 INFO 127.0.0.1 - - [25/Apr/2023 15:34:05] "POST /api/v1/get_recommendation HTTP/1.1" 200 -
2023-04-25 19:40:36,424 INFO 127.0.0.1 - - [25/Apr/2023 19:40:36] "OPTIONS /api/v1/get_recommendation HTTP/1.1" 200 -
2023-04-25 19:40:36,654 INFO 127.0.0.1 - - [25/Apr/2023 19:40:36] "POST /api/v1/get_recommendation HTTP/1.1" 200 -
2023-04-25 19:41:23,793 INFO 127.0.0.1 - - [25/Apr/2023 19:41:23] "OPTIONS /api/v1/get_recommendation HTTP/1.1" 200 -
2023-04-25 19:41:23,996 INFO 127.0.0.1 - - [25/Apr/2023 19:41:23] "POST /api/v1/get_recommendation HTTP/1.1" 200 -
2023-04-25 19:42:46,886 INFO [31m[1mWARNING: This is a development server. Do not use it in a production deployment. Use a production WSGI server instead.[0m
 * Running on http://127.0.0.1:5000
2023-04-25 19:42:46,887 INFO [33mPress CTRL+C to quit[0m
2023-04-25 19:43:01,544 INFO 127.0.0.1 - - [25/Apr/2023 19:43:01] "OPTIONS /api/v1/get_recommendation HTTP/1.1" 200 -
2023-04-25 19:43:01,853 INFO 127.0.0.1 - - [25/Apr/2023 19:43:01] "POST /api/v1/get_recommendation HTTP/1.1" 200 -
2023-04-25 19:45:20,209 INFO 127.0.0.1 - - [25/Apr/2023 19:45:20] "POST /api/v1/encoded?encode_specific=TRUE HTTP/1.1" 200 -
2023-04-25 19:45:57,986 INFO 127.0.0.1 - - [25/Apr/2023 19:45:57] "POST /api/v1/encoded HTTP/1.1" 200 -
2023-04-25 19:46:39,265 INFO [31m[1mWARNING: This is a development server. Do not use it in a production deployment. Use a production WSGI server instead.[0m
 * Running on http://127.0.0.1:5000
2023-04-25 19:46:39,265 INFO [33mPress CTRL+C to quit[0m
2023-04-25 19:47:12,599 INFO [31m[1mWARNING: This is a development server. Do not use it in a production deployment. Use a production WSGI server instead.[0m
 * Running on http://127.0.0.1:5000
2023-04-25 19:47:12,599 INFO [33mPress CTRL+C to quit[0m
2023-04-25 19:47:34,139 INFO 127.0.0.1 - - [25/Apr/2023 19:47:34] "OPTIONS /api/v1/get_recommendation HTTP/1.1" 200 -
2023-04-25 19:51:58,051 INFO [31m[1mWARNING: This is a development server. Do not use it in a production deployment. Use a production WSGI server instead.[0m
 * Running on http://127.0.0.1:5000
2023-04-25 19:51:58,051 INFO [33mPress CTRL+C to quit[0m
2023-04-25 19:52:38,740 INFO 127.0.0.1 - - [25/Apr/2023 19:52:38] "OPTIONS /api/v1/get_recommendation HTTP/1.1" 200 -
2023-04-25 19:57:11,051 INFO 127.0.0.1 - - [25/Apr/2023 19:57:11] "POST /api/v1/get_recommendation HTTP/1.1" 200 -
2023-04-25 19:58:05,684 INFO [31m[1mWARNING: This is a development server. Do not use it in a production deployment. Use a production WSGI server instead.[0m
 * Running on http://127.0.0.1:5000
2023-04-25 19:58:05,684 INFO [33mPress CTRL+C to quit[0m
2023-04-25 19:58:27,312 INFO 127.0.0.1 - - [25/Apr/2023 19:58:27] "OPTIONS /api/v1/get_recommendation HTTP/1.1" 200 -
2023-04-25 19:58:27,579 INFO 127.0.0.1 - - [25/Apr/2023 19:58:27] "POST /api/v1/get_recommendation HTTP/1.1" 200 -
2023-04-25 20:02:09,388 INFO [31m[1mWARNING: This is a development server. Do not use it in a production deployment. Use a production WSGI server instead.[0m
 * Running on http://127.0.0.1:5000
2023-04-25 20:02:09,389 INFO [33mPress CTRL+C to quit[0m
2023-04-25 20:02:41,382 INFO 127.0.0.1 - - [25/Apr/2023 20:02:41] "OPTIONS /api/v1/get_recommendation HTTP/1.1" 200 -
2023-04-25 22:08:42,255 INFO 127.0.0.1 - - [25/Apr/2023 22:08:42] "POST /api/v1/get_recommendation HTTP/1.1" 200 -
2023-04-25 22:14:19,482 INFO 127.0.0.1 - - [25/Apr/2023 22:14:19] "OPTIONS /api/v1/save_info?saved_existing_data=FALSE HTTP/1.1" 200 -
2023-04-25 22:14:19,488 INFO 127.0.0.1 - - [25/Apr/2023 22:14:19] "OPTIONS /api/v1/save_info?saved_existing_data=FALSE HTTP/1.1" 200 -
2023-04-25 22:14:19,493 ERROR Exception on /api/v1/save_info [POST]
Traceback (most recent call last):
  File "C:\Users\shaza\PycharmProjects\pythonProject\venv\lib\site-packages\flask\app.py", line 2528, in wsgi_app
    response = self.full_dispatch_request()
  File "C:\Users\shaza\PycharmProjects\pythonProject\venv\lib\site-packages\flask\app.py", line 1825, in full_dispatch_request
    rv = self.handle_user_exception(e)
  File "C:\Users\shaza\PycharmProjects\pythonProject\venv\lib\site-packages\flask\app.py", line 1823, in full_dispatch_request
    rv = self.dispatch_request()
  File "C:\Users\shaza\PycharmProjects\pythonProject\venv\lib\site-packages\flask\app.py", line 1799, in dispatch_request
    return self.ensure_sync(self.view_functions[rule.endpoint])(**view_args)
  File "D:\FYP\Implementation\FYP-Implementation-for-deloyment\salary-recommendation-backend\Controller\Controller.py", line 46, in save_salary_information_api
    float(salary_amount), no_of_employees, primary_technology,
ValueError: could not convert string to float: ''
2023-04-25 22:14:19,497 ERROR Exception on /api/v1/save_info [POST]
Traceback (most recent call last):
  File "C:\Users\shaza\PycharmProjects\pythonProject\venv\lib\site-packages\flask\app.py", line 2528, in wsgi_app
    response = self.full_dispatch_request()
  File "C:\Users\shaza\PycharmProjects\pythonProject\venv\lib\site-packages\flask\app.py", line 1825, in full_dispatch_request
    rv = self.handle_user_exception(e)
  File "C:\Users\shaza\PycharmProjects\pythonProject\venv\lib\site-packages\flask\app.py", line 1823, in full_dispatch_request
    rv = self.dispatch_request()
  File "C:\Users\shaza\PycharmProjects\pythonProject\venv\lib\site-packages\flask\app.py", line 1799, in dispatch_request
    return self.ensure_sync(self.view_functions[rule.endpoint])(**view_args)
  File "D:\FYP\Implementation\FYP-Implementation-for-deloyment\salary-recommendation-backend\Controller\Controller.py", line 46, in save_salary_information_api
    float(salary_amount), no_of_employees, primary_technology,
ValueError: could not convert string to float: ''
2023-04-25 22:14:19,523 INFO 127.0.0.1 - - [25/Apr/2023 22:14:19] "[35m[1mPOST /api/v1/save_info?saved_existing_data=FALSE HTTP/1.1[0m" 500 -
2023-04-25 22:14:19,525 INFO 127.0.0.1 - - [25/Apr/2023 22:14:19] "[35m[1mPOST /api/v1/save_info?saved_existing_data=FALSE HTTP/1.1[0m" 500 -
2023-04-25 22:16:03,454 INFO 127.0.0.1 - - [25/Apr/2023 22:16:03] "OPTIONS /api/v1/save_info?saved_existing_data=FALSE HTTP/1.1" 200 -
2023-04-25 22:16:03,465 INFO SaveSalaryInformationServiceImpl: save salary information
2023-04-25 22:16:03,545 INFO SaveSalaryInformationServiceImpl: Successfully saved the information's provided
2023-04-25 22:16:03,547 INFO 127.0.0.1 - - [25/Apr/2023 22:16:03] "POST /api/v1/save_info?saved_existing_data=FALSE HTTP/1.1" 200 -
2023-04-25 22:16:25,103 INFO [31m[1mWARNING: This is a development server. Do not use it in a production deployment. Use a production WSGI server instead.[0m
 * Running on http://127.0.0.1:5000
2023-04-25 22:16:25,103 INFO [33mPress CTRL+C to quit[0m
2023-04-25 22:16:42,798 INFO 127.0.0.1 - - [25/Apr/2023 22:16:42] "OPTIONS /api/v1/get_recommendation HTTP/1.1" 200 -
2023-04-25 22:16:43,516 INFO 127.0.0.1 - - [25/Apr/2023 22:16:43] "POST /api/v1/get_recommendation HTTP/1.1" 200 -
2023-04-26 17:19:11,192 INFO [31m[1mWARNING: This is a development server. Do not use it in a production deployment. Use a production WSGI server instead.[0m
 * Running on http://127.0.0.1:5000
2023-04-26 17:19:11,192 INFO [33mPress CTRL+C to quit[0m
2023-04-26 17:19:38,294 INFO 127.0.0.1 - - [26/Apr/2023 17:19:38] "[33mGET / HTTP/1.1[0m" 404 -
2023-04-26 17:19:47,673 INFO [31m[1mWARNING: This is a development server. Do not use it in a production deployment. Use a production WSGI server instead.[0m
 * Running on http://127.0.0.1:5000
2023-04-26 17:19:47,674 INFO [33mPress CTRL+C to quit[0m
2023-04-26 17:20:01,000 INFO 127.0.0.1 - - [26/Apr/2023 17:20:01] "[33mGET / HTTP/1.1[0m" 404 -
2023-04-26 17:20:22,862 INFO 127.0.0.1 - - [26/Apr/2023 17:20:22] "[32mGET /api/v1 HTTP/1.1[0m" 308 -
2023-04-26 17:20:22,875 INFO 127.0.0.1 - - [26/Apr/2023 17:20:22] "GET /api/v1/ HTTP/1.1" 200 -
2023-04-28 20:29:19,582 INFO [31m[1mWARNING: This is a development server. Do not use it in a production deployment. Use a production WSGI server instead.[0m
 * Running on http://127.0.0.1:5000
2023-04-28 20:29:19,583 INFO [33mPress CTRL+C to quit[0m
2023-04-28 20:29:45,172 INFO 127.0.0.1 - - [28/Apr/2023 20:29:45] "POST /api/v1/get_recommendation HTTP/1.1" 200 -
2023-04-28 20:32:37,979 INFO 127.0.0.1 - - [28/Apr/2023 20:32:37] "POST /api/v1/get_recommendation HTTP/1.1" 200 -
2023-04-28 20:35:01,863 INFO [31m[1mWARNING: This is a development server. Do not use it in a production deployment. Use a production WSGI server instead.[0m
 * Running on http://127.0.0.1:5000
2023-04-28 20:35:01,863 INFO [33mPress CTRL+C to quit[0m
2023-04-28 20:35:22,796 ERROR Exception on /api/v1/get_recommendation [POST]
Traceback (most recent call last):
  File "D:\FYP\Implementation\FYP-Implementation-for-deloyment\salary-recommendation-backend\ServiceImplementation\GetRecommendationServiceImpl.py", line 105, in save
    if len(dataframe) == 0:
TypeError: object of type 'NoneType' has no len()

During handling of the above exception, another exception occurred:

Traceback (most recent call last):
  File "C:\Users\shaza\PycharmProjects\pythonProject\venv\lib\site-packages\flask\app.py", line 2528, in wsgi_app
    response = self.full_dispatch_request()
  File "C:\Users\shaza\PycharmProjects\pythonProject\venv\lib\site-packages\flask\app.py", line 1825, in full_dispatch_request
    rv = self.handle_user_exception(e)
  File "C:\Users\shaza\PycharmProjects\pythonProject\venv\lib\site-packages\flask_cors\extension.py", line 165, in wrapped_function
    return cors_after_request(app.make_response(f(*args, **kwargs)))
  File "C:\Users\shaza\PycharmProjects\pythonProject\venv\lib\site-packages\flask\app.py", line 1823, in full_dispatch_request
    rv = self.dispatch_request()
  File "C:\Users\shaza\PycharmProjects\pythonProject\venv\lib\site-packages\flask\app.py", line 1799, in dispatch_request
    return self.ensure_sync(self.view_functions[rule.endpoint])(**view_args)
  File "D:\FYP\Implementation\FYP-Implementation-for-deloyment\salary-recommendation-backend\Controller\Controller.py", line 67, in get_recommendation
    created_response = get_recommendation_result.save(db.session, recommendation_system)
  File "D:\FYP\Implementation\FYP-Implementation-for-deloyment\salary-recommendation-backend\ServiceImplementation\GetRecommendationServiceImpl.py", line 138, in save
    if len(dataframe) == 0:
TypeError: object of type 'NoneType' has no len()
2023-04-28 20:35:22,830 INFO 127.0.0.1 - - [28/Apr/2023 20:35:22] "[35m[1mPOST /api/v1/get_recommendation HTTP/1.1[0m" 500 -
2023-04-28 20:45:07,563 INFO [31m[1mWARNING: This is a development server. Do not use it in a production deployment. Use a production WSGI server instead.[0m
 * Running on http://127.0.0.1:5000
2023-04-28 20:45:07,563 INFO [33mPress CTRL+C to quit[0m
2023-04-28 20:45:24,296 INFO [31m[1mWARNING: This is a development server. Do not use it in a production deployment. Use a production WSGI server instead.[0m
 * Running on http://127.0.0.1:5000
2023-04-28 20:45:24,296 INFO [33mPress CTRL+C to quit[0m
2023-04-28 20:45:35,910 ERROR Exception on /api/v1/get_recommendation [POST]
Traceback (most recent call last):
  File "D:\FYP\Implementation\FYP-Implementation-for-deloyment\salary-recommendation-backend\ServiceImplementation\GetRecommendationServiceImpl.py", line 109, in save
    if len(dataframe) == 0:
TypeError: object of type 'NoneType' has no len()

During handling of the above exception, another exception occurred:

Traceback (most recent call last):
  File "C:\Users\shaza\PycharmProjects\pythonProject\venv\lib\site-packages\flask\app.py", line 2528, in wsgi_app
    response = self.full_dispatch_request()
  File "C:\Users\shaza\PycharmProjects\pythonProject\venv\lib\site-packages\flask\app.py", line 1825, in full_dispatch_request
    rv = self.handle_user_exception(e)
  File "C:\Users\shaza\PycharmProjects\pythonProject\venv\lib\site-packages\flask_cors\extension.py", line 165, in wrapped_function
    return cors_after_request(app.make_response(f(*args, **kwargs)))
  File "C:\Users\shaza\PycharmProjects\pythonProject\venv\lib\site-packages\flask\app.py", line 1823, in full_dispatch_request
    rv = self.dispatch_request()
  File "C:\Users\shaza\PycharmProjects\pythonProject\venv\lib\site-packages\flask\app.py", line 1799, in dispatch_request
    return self.ensure_sync(self.view_functions[rule.endpoint])(**view_args)
  File "D:\FYP\Implementation\FYP-Implementation-for-deloyment\salary-recommendation-backend\Controller\Controller.py", line 67, in get_recommendation
    created_response = get_recommendation_result.save(db.session, recommendation_system)
  File "D:\FYP\Implementation\FYP-Implementation-for-deloyment\salary-recommendation-backend\ServiceImplementation\GetRecommendationServiceImpl.py", line 142, in save
    if len(dataframe) == 0:
TypeError: object of type 'NoneType' has no len()
2023-04-28 20:45:35,914 INFO 127.0.0.1 - - [28/Apr/2023 20:45:35] "[35m[1mPOST /api/v1/get_recommendation HTTP/1.1[0m" 500 -
2023-04-28 20:46:02,708 INFO [31m[1mWARNING: This is a development server. Do not use it in a production deployment. Use a production WSGI server instead.[0m
 * Running on http://127.0.0.1:5000
2023-04-28 20:46:02,709 INFO [33mPress CTRL+C to quit[0m
2023-04-28 20:47:20,621 ERROR Exception on /api/v1/get_recommendation [POST]
Traceback (most recent call last):
  File "D:\FYP\Implementation\FYP-Implementation-for-deloyment\salary-recommendation-backend\ServiceImplementation\GetRecommendationServiceImpl.py", line 105, in save
    if len(dataframe) == 0:
TypeError: object of type 'NoneType' has no len()

During handling of the above exception, another exception occurred:

Traceback (most recent call last):
  File "C:\Users\shaza\PycharmProjects\pythonProject\venv\lib\site-packages\flask\app.py", line 2528, in wsgi_app
    response = self.full_dispatch_request()
  File "C:\Users\shaza\PycharmProjects\pythonProject\venv\lib\site-packages\flask\app.py", line 1825, in full_dispatch_request
    rv = self.handle_user_exception(e)
  File "C:\Users\shaza\PycharmProjects\pythonProject\venv\lib\site-packages\flask_cors\extension.py", line 165, in wrapped_function
    return cors_after_request(app.make_response(f(*args, **kwargs)))
  File "C:\Users\shaza\PycharmProjects\pythonProject\venv\lib\site-packages\flask\app.py", line 1823, in full_dispatch_request
    rv = self.dispatch_request()
  File "C:\Users\shaza\PycharmProjects\pythonProject\venv\lib\site-packages\flask\app.py", line 1799, in dispatch_request
    return self.ensure_sync(self.view_functions[rule.endpoint])(**view_args)
  File "D:\FYP\Implementation\FYP-Implementation-for-deloyment\salary-recommendation-backend\Controller\Controller.py", line 67, in get_recommendation
    created_response = get_recommendation_result.save(db.session, recommendation_system)
  File "D:\FYP\Implementation\FYP-Implementation-for-deloyment\salary-recommendation-backend\ServiceImplementation\GetRecommendationServiceImpl.py", line 138, in save
    if len(dataframe) == 0:
TypeError: object of type 'NoneType' has no len()
2023-04-28 20:47:20,624 INFO 127.0.0.1 - - [28/Apr/2023 20:47:20] "[35m[1mPOST /api/v1/get_recommendation HTTP/1.1[0m" 500 -
2023-04-28 20:47:48,433 INFO [31m[1mWARNING: This is a development server. Do not use it in a production deployment. Use a production WSGI server instead.[0m
 * Running on http://127.0.0.1:5000
2023-04-28 20:47:48,433 INFO [33mPress CTRL+C to quit[0m
2023-04-28 20:47:56,218 INFO 127.0.0.1 - - [28/Apr/2023 20:47:56] "POST /api/v1/get_recommendation HTTP/1.1" 200 -
2023-04-28 20:49:40,616 INFO [31m[1mWARNING: This is a development server. Do not use it in a production deployment. Use a production WSGI server instead.[0m
 * Running on http://127.0.0.1:5000
2023-04-28 20:49:40,616 INFO [33mPress CTRL+C to quit[0m
2023-04-28 20:49:52,087 ERROR Exception on /api/v1/get_recommendation [POST]
Traceback (most recent call last):
  File "D:\FYP\Implementation\FYP-Implementation-for-deloyment\salary-recommendation-backend\ServiceImplementation\GetRecommendationServiceImpl.py", line 108, in save
    if len(dataframe) == 0:
TypeError: object of type 'NoneType' has no len()

During handling of the above exception, another exception occurred:

Traceback (most recent call last):
  File "C:\Users\shaza\PycharmProjects\pythonProject\venv\lib\site-packages\flask\app.py", line 2528, in wsgi_app
    response = self.full_dispatch_request()
  File "C:\Users\shaza\PycharmProjects\pythonProject\venv\lib\site-packages\flask\app.py", line 1825, in full_dispatch_request
    rv = self.handle_user_exception(e)
  File "C:\Users\shaza\PycharmProjects\pythonProject\venv\lib\site-packages\flask_cors\extension.py", line 165, in wrapped_function
    return cors_after_request(app.make_response(f(*args, **kwargs)))
  File "C:\Users\shaza\PycharmProjects\pythonProject\venv\lib\site-packages\flask\app.py", line 1823, in full_dispatch_request
    rv = self.dispatch_request()
  File "C:\Users\shaza\PycharmProjects\pythonProject\venv\lib\site-packages\flask\app.py", line 1799, in dispatch_request
    return self.ensure_sync(self.view_functions[rule.endpoint])(**view_args)
  File "D:\FYP\Implementation\FYP-Implementation-for-deloyment\salary-recommendation-backend\Controller\Controller.py", line 67, in get_recommendation
    created_response = get_recommendation_result.save(db.session, recommendation_system)
  File "D:\FYP\Implementation\FYP-Implementation-for-deloyment\salary-recommendation-backend\ServiceImplementation\GetRecommendationServiceImpl.py", line 141, in save
    if len(dataframe) == 0:
TypeError: object of type 'NoneType' has no len()
2023-04-28 20:49:52,092 INFO 127.0.0.1 - - [28/Apr/2023 20:49:52] "[35m[1mPOST /api/v1/get_recommendation HTTP/1.1[0m" 500 -
2023-04-28 20:50:35,276 INFO [31m[1mWARNING: This is a development server. Do not use it in a production deployment. Use a production WSGI server instead.[0m
 * Running on http://127.0.0.1:5000
2023-04-28 20:50:35,276 INFO [33mPress CTRL+C to quit[0m
2023-04-28 20:50:45,092 INFO 127.0.0.1 - - [28/Apr/2023 20:50:45] "POST /api/v1/get_recommendation HTTP/1.1" 200 -
2023-04-28 20:51:10,258 INFO 127.0.0.1 - - [28/Apr/2023 20:51:10] "POST /api/v1/get_recommendation HTTP/1.1" 200 -
2023-04-28 20:56:09,159 INFO [31m[1mWARNING: This is a development server. Do not use it in a production deployment. Use a production WSGI server instead.[0m
 * Running on http://127.0.0.1:5000
2023-04-28 20:56:09,159 INFO [33mPress CTRL+C to quit[0m
2023-04-28 20:56:15,675 INFO 127.0.0.1 - - [28/Apr/2023 20:56:15] "POST /api/v1/get_recommendation HTTP/1.1" 200 -
2023-04-28 20:57:50,748 INFO [31m[1mWARNING: This is a development server. Do not use it in a production deployment. Use a production WSGI server instead.[0m
 * Running on http://127.0.0.1:5000
2023-04-28 20:57:50,748 INFO [33mPress CTRL+C to quit[0m
2023-04-28 20:58:18,073 INFO 127.0.0.1 - - [28/Apr/2023 20:58:18] "POST /api/v1/get_recommendation HTTP/1.1" 200 -
2023-04-30 19:36:55,059 INFO [31m[1mWARNING: This is a development server. Do not use it in a production deployment. Use a production WSGI server instead.[0m
 * Running on http://127.0.0.1:5000
2023-04-30 19:36:55,059 INFO [33mPress CTRL+C to quit[0m
2023-04-30 19:39:58,058 INFO 127.0.0.1 - - [30/Apr/2023 19:39:58] "OPTIONS /api/v1/get_recommendation HTTP/1.1" 200 -
2023-04-30 19:39:58,829 INFO 127.0.0.1 - - [30/Apr/2023 19:39:58] "POST /api/v1/get_recommendation HTTP/1.1" 200 -
2023-04-30 19:42:17,808 INFO 127.0.0.1 - - [30/Apr/2023 19:42:17] "OPTIONS /api/v1/get_recommendation HTTP/1.1" 200 -
2023-04-30 19:42:17,947 INFO 127.0.0.1 - - [30/Apr/2023 19:42:17] "POST /api/v1/get_recommendation HTTP/1.1" 200 -
2023-05-06 02:20:45,369 INFO [31m[1mWARNING: This is a development server. Do not use it in a production deployment. Use a production WSGI server instead.[0m
 * Running on http://127.0.0.1:5000
2023-05-06 02:20:45,369 INFO [33mPress CTRL+C to quit[0m
2023-05-06 02:21:05,944 INFO 127.0.0.1 - - [06/May/2023 02:21:05] "[31m[1mPOST /api/v1/get_recommendation HTTP/1.1[0m" 400 -
2023-05-06 02:21:21,232 INFO [31m[1mWARNING: This is a development server. Do not use it in a production deployment. Use a production WSGI server instead.[0m
 * Running on http://127.0.0.1:5000
2023-05-06 02:21:21,232 INFO [33mPress CTRL+C to quit[0m
2023-05-06 02:22:07,808 INFO 127.0.0.1 - - [06/May/2023 02:22:07] "POST /api/v1/get_recommendation HTTP/1.1" 200 -
2023-05-09 17:15:02,468 INFO [31m[1mWARNING: This is a development server. Do not use it in a production deployment. Use a production WSGI server instead.[0m
 * Running on http://127.0.0.1:5000
2023-05-09 17:15:02,468 INFO [33mPress CTRL+C to quit[0m
2023-05-09 17:31:21,735 ERROR Exception on /api/v1/inflation [POST]
Traceback (most recent call last):
  File "C:\Users\shaza\PycharmProjects\pythonProject\venv\lib\site-packages\flask\app.py", line 2528, in wsgi_app
    response = self.full_dispatch_request()
  File "C:\Users\shaza\PycharmProjects\pythonProject\venv\lib\site-packages\flask\app.py", line 1825, in full_dispatch_request
    rv = self.handle_user_exception(e)
  File "C:\Users\shaza\PycharmProjects\pythonProject\venv\lib\site-packages\flask_cors\extension.py", line 165, in wrapped_function
    return cors_after_request(app.make_response(f(*args, **kwargs)))
  File "C:\Users\shaza\PycharmProjects\pythonProject\venv\lib\site-packages\flask\app.py", line 1823, in full_dispatch_request
    rv = self.dispatch_request()
  File "C:\Users\shaza\PycharmProjects\pythonProject\venv\lib\site-packages\flask\app.py", line 1799, in dispatch_request
    return self.ensure_sync(self.view_functions[rule.endpoint])(**view_args)
  File "D:\FYP\Implementation\FYP-Implementation-for-deloyment\salary-recommendation-backend\Controller\Controller.py", line 110, in inflation
    created_response = service.save(db.session,inflation_obj)
  File "D:\FYP\Implementation\FYP-Implementation-for-deloyment\salary-recommendation-backend\ServiceImplementation\InflationServiceImpl.py", line 19, in save
    if not (inflation.get_month().capitalize() in calendar.month[1:]):
TypeError: 'method' object is not subscriptable
2023-05-09 17:31:21,775 INFO 127.0.0.1 - - [09/May/2023 17:31:21] "[35m[1mPOST /api/v1/inflation HTTP/1.1[0m" 500 -
2023-05-09 17:31:45,007 INFO [31m[1mWARNING: This is a development server. Do not use it in a production deployment. Use a production WSGI server instead.[0m
 * Running on http://127.0.0.1:5000
2023-05-09 17:31:45,007 INFO [33mPress CTRL+C to quit[0m
2023-05-09 17:32:28,891 ERROR Exception on /api/v1/inflation [POST]
Traceback (most recent call last):
  File "C:\Users\shaza\PycharmProjects\pythonProject\venv\lib\site-packages\flask\app.py", line 2528, in wsgi_app
    response = self.full_dispatch_request()
  File "C:\Users\shaza\PycharmProjects\pythonProject\venv\lib\site-packages\flask\app.py", line 1825, in full_dispatch_request
    rv = self.handle_user_exception(e)
  File "C:\Users\shaza\PycharmProjects\pythonProject\venv\lib\site-packages\flask_cors\extension.py", line 165, in wrapped_function
    return cors_after_request(app.make_response(f(*args, **kwargs)))
  File "C:\Users\shaza\PycharmProjects\pythonProject\venv\lib\site-packages\flask\app.py", line 1823, in full_dispatch_request
    rv = self.dispatch_request()
  File "C:\Users\shaza\PycharmProjects\pythonProject\venv\lib\site-packages\flask\app.py", line 1799, in dispatch_request
    return self.ensure_sync(self.view_functions[rule.endpoint])(**view_args)
  File "D:\FYP\Implementation\FYP-Implementation-for-deloyment\salary-recommendation-backend\Controller\Controller.py", line 110, in inflation
    created_response = service.save(db.session,inflation_obj)
  File "D:\FYP\Implementation\FYP-Implementation-for-deloyment\salary-recommendation-backend\ServiceImplementation\InflationServiceImpl.py", line 19, in save
    if not (inflation.get_month().capitalize() in calendar.month[1:]):
TypeError: 'method' object is not subscriptable
2023-05-09 17:32:28,907 INFO 127.0.0.1 - - [09/May/2023 17:32:28] "[35m[1mPOST /api/v1/inflation HTTP/1.1[0m" 500 -
2023-05-09 17:32:57,597 ERROR Exception on /api/v1/inflation [POST]
Traceback (most recent call last):
  File "C:\Users\shaza\PycharmProjects\pythonProject\venv\lib\site-packages\flask\app.py", line 2528, in wsgi_app
    response = self.full_dispatch_request()
  File "C:\Users\shaza\PycharmProjects\pythonProject\venv\lib\site-packages\flask\app.py", line 1825, in full_dispatch_request
    rv = self.handle_user_exception(e)
  File "C:\Users\shaza\PycharmProjects\pythonProject\venv\lib\site-packages\flask_cors\extension.py", line 165, in wrapped_function
    return cors_after_request(app.make_response(f(*args, **kwargs)))
  File "C:\Users\shaza\PycharmProjects\pythonProject\venv\lib\site-packages\flask\app.py", line 1823, in full_dispatch_request
    rv = self.dispatch_request()
  File "C:\Users\shaza\PycharmProjects\pythonProject\venv\lib\site-packages\flask\app.py", line 1799, in dispatch_request
    return self.ensure_sync(self.view_functions[rule.endpoint])(**view_args)
  File "D:\FYP\Implementation\FYP-Implementation-for-deloyment\salary-recommendation-backend\Controller\Controller.py", line 110, in inflation
    created_response = service.save(db.session,inflation_obj)
  File "D:\FYP\Implementation\FYP-Implementation-for-deloyment\salary-recommendation-backend\ServiceImplementation\InflationServiceImpl.py", line 19, in save
    if not (inflation.get_month().capitalize() in calendar.month[1:]):
TypeError: 'method' object is not subscriptable
2023-05-09 17:32:57,599 INFO 127.0.0.1 - - [09/May/2023 17:32:57] "[35m[1mPOST /api/v1/inflation HTTP/1.1[0m" 500 -
2023-05-09 17:33:30,685 INFO [31m[1mWARNING: This is a development server. Do not use it in a production deployment. Use a production WSGI server instead.[0m
 * Running on http://127.0.0.1:5000
2023-05-09 17:33:30,685 INFO [33mPress CTRL+C to quit[0m
2023-05-09 17:34:04,364 INFO 127.0.0.1 - - [09/May/2023 17:34:04] "POST /api/v1/inflation HTTP/1.1" 200 -
2023-05-09 17:35:52,450 INFO [31m[1mWARNING: This is a development server. Do not use it in a production deployment. Use a production WSGI server instead.[0m
 * Running on http://127.0.0.1:5000
2023-05-09 17:35:52,450 INFO [33mPress CTRL+C to quit[0m
2023-05-09 17:36:34,466 INFO [31m[1mWARNING: This is a development server. Do not use it in a production deployment. Use a production WSGI server instead.[0m
 * Running on http://127.0.0.1:5000
2023-05-09 17:36:34,482 INFO [33mPress CTRL+C to quit[0m
2023-05-09 17:36:56,231 INFO 127.0.0.1 - - [09/May/2023 17:36:56] "POST /api/v1/inflation HTTP/1.1" 200 -
2023-05-09 17:37:11,987 INFO [31m[1mWARNING: This is a development server. Do not use it in a production deployment. Use a production WSGI server instead.[0m
 * Running on http://127.0.0.1:5000
2023-05-09 17:37:11,987 INFO [33mPress CTRL+C to quit[0m
2023-05-09 17:37:16,660 INFO 127.0.0.1 - - [09/May/2023 17:37:16] "POST /api/v1/inflation HTTP/1.1" 200 -
2023-05-09 17:39:58,531 INFO 127.0.0.1 - - [09/May/2023 17:39:58] "POST /api/v1/inflation HTTP/1.1" 200 -
2023-05-09 17:40:19,512 INFO 127.0.0.1 - - [09/May/2023 17:40:19] "POST /api/v1/inflation HTTP/1.1" 200 -
2023-05-09 17:40:29,429 INFO 127.0.0.1 - - [09/May/2023 17:40:29] "POST /api/v1/inflation HTTP/1.1" 200 -
2023-05-09 17:40:37,983 INFO 127.0.0.1 - - [09/May/2023 17:40:37] "POST /api/v1/inflation HTTP/1.1" 200 -
2023-05-09 17:41:05,199 INFO [31m[1mWARNING: This is a development server. Do not use it in a production deployment. Use a production WSGI server instead.[0m
 * Running on http://127.0.0.1:5000
2023-05-09 17:41:05,199 INFO [33mPress CTRL+C to quit[0m
2023-05-09 17:41:39,670 INFO [31m[1mWARNING: This is a development server. Do not use it in a production deployment. Use a production WSGI server instead.[0m
 * Running on http://127.0.0.1:5000
2023-05-09 17:41:39,670 INFO [33mPress CTRL+C to quit[0m
2023-05-09 17:43:01,823 INFO [31m[1mWARNING: This is a development server. Do not use it in a production deployment. Use a production WSGI server instead.[0m
 * Running on http://127.0.0.1:5000
2023-05-09 17:43:01,823 INFO [33mPress CTRL+C to quit[0m
2023-05-09 17:43:39,583 INFO [31m[1mWARNING: This is a development server. Do not use it in a production deployment. Use a production WSGI server instead.[0m
 * Running on http://127.0.0.1:5000
2023-05-09 17:43:39,583 INFO [33mPress CTRL+C to quit[0m
2023-05-09 17:45:36,145 INFO 127.0.0.1 - - [09/May/2023 17:45:36] "POST /api/v1/inflation HTTP/1.1" 200 -
2023-05-09 17:45:54,295 INFO 127.0.0.1 - - [09/May/2023 17:45:54] "POST /api/v1/inflation HTTP/1.1" 200 -
2023-05-09 17:46:04,055 INFO 127.0.0.1 - - [09/May/2023 17:46:04] "POST /api/v1/inflation HTTP/1.1" 200 -
2023-05-09 17:46:15,951 INFO 127.0.0.1 - - [09/May/2023 17:46:15] "POST /api/v1/inflation HTTP/1.1" 200 -
2023-05-09 17:46:32,670 INFO 127.0.0.1 - - [09/May/2023 17:46:32] "POST /api/v1/inflation HTTP/1.1" 200 -
2023-05-09 17:46:42,711 INFO 127.0.0.1 - - [09/May/2023 17:46:42] "POST /api/v1/inflation HTTP/1.1" 200 -
2023-05-09 17:46:56,807 INFO 127.0.0.1 - - [09/May/2023 17:46:56] "POST /api/v1/inflation HTTP/1.1" 200 -
2023-05-09 17:47:20,059 INFO 127.0.0.1 - - [09/May/2023 17:47:20] "POST /api/v1/inflation HTTP/1.1" 200 -
2023-05-09 17:47:26,423 INFO 127.0.0.1 - - [09/May/2023 17:47:26] "POST /api/v1/inflation HTTP/1.1" 200 -
2023-05-09 17:47:34,709 INFO 127.0.0.1 - - [09/May/2023 17:47:34] "POST /api/v1/inflation HTTP/1.1" 200 -
2023-05-09 17:49:02,792 INFO 127.0.0.1 - - [09/May/2023 17:49:02] "[32mGET /api/v1 HTTP/1.1[0m" 308 -
2023-05-09 17:49:02,792 INFO 127.0.0.1 - - [09/May/2023 17:49:02] "GET /api/v1/ HTTP/1.1" 200 -
2023-05-09 17:49:34,361 INFO [31m[1mWARNING: This is a development server. Do not use it in a production deployment. Use a production WSGI server instead.[0m
 * Running on http://127.0.0.1:5000
2023-05-09 17:49:34,361 INFO [33mPress CTRL+C to quit[0m
2023-05-09 17:49:41,434 INFO 127.0.0.1 - - [09/May/2023 17:49:41] "[32mGET /api/v1 HTTP/1.1[0m" 308 -
2023-05-09 17:49:41,442 INFO 127.0.0.1 - - [09/May/2023 17:49:41] "GET /api/v1/ HTTP/1.1" 200 -
2023-05-09 17:50:51,877 INFO [31m[1mWARNING: This is a development server. Do not use it in a production deployment. Use a production WSGI server instead.[0m
 * Running on http://127.0.0.1:5000
2023-05-09 17:50:51,877 INFO [33mPress CTRL+C to quit[0m
2023-05-09 17:50:54,314 INFO 127.0.0.1 - - [09/May/2023 17:50:54] "[32mGET /api/v1 HTTP/1.1[0m" 308 -
2023-05-09 17:50:54,314 INFO 127.0.0.1 - - [09/May/2023 17:50:54] "GET /api/v1/ HTTP/1.1" 200 -
2023-05-09 17:50:57,722 INFO 127.0.0.1 - - [09/May/2023 17:50:57] "[31m[1mGET /api/v1/inflation HTTP/1.1[0m" 405 -
2023-05-09 17:51:11,103 INFO 127.0.0.1 - - [09/May/2023 17:51:11] "POST /api/v1/inflation HTTP/1.1" 200 -
2023-05-09 17:53:07,403 INFO [31m[1mWARNING: This is a development server. Do not use it in a production deployment. Use a production WSGI server instead.[0m
 * Running on http://127.0.0.1:5000
2023-05-09 17:53:07,403 INFO [33mPress CTRL+C to quit[0m
2023-05-09 17:53:16,691 INFO 127.0.0.1 - - [09/May/2023 17:53:16] "POST /api/v1/inflation HTTP/1.1" 200 -
2023-05-09 17:53:30,149 INFO 127.0.0.1 - - [09/May/2023 17:53:30] "POST /api/v1/inflation HTTP/1.1" 200 -
2023-05-09 17:54:18,606 INFO [31m[1mWARNING: This is a development server. Do not use it in a production deployment. Use a production WSGI server instead.[0m
 * Running on http://127.0.0.1:5000
2023-05-09 17:54:18,606 INFO [33mPress CTRL+C to quit[0m
2023-05-09 17:54:37,799 INFO 127.0.0.1 - - [09/May/2023 17:54:37] "POST /api/v1/inflation HTTP/1.1" 200 -
2023-05-09 17:55:33,938 INFO 127.0.0.1 - - [09/May/2023 17:55:33] "POST /api/v1/inflation HTTP/1.1" 200 -
2023-05-09 17:55:44,977 INFO 127.0.0.1 - - [09/May/2023 17:55:44] "POST /api/v1/inflation HTTP/1.1" 200 -
2023-05-09 17:56:00,020 INFO 127.0.0.1 - - [09/May/2023 17:56:00] "POST /api/v1/inflation HTTP/1.1" 200 -
2023-05-09 17:56:11,960 INFO 127.0.0.1 - - [09/May/2023 17:56:11] "POST /api/v1/inflation HTTP/1.1" 200 -
2023-05-09 17:56:26,821 INFO 127.0.0.1 - - [09/May/2023 17:56:26] "POST /api/v1/inflation HTTP/1.1" 200 -
2023-05-09 17:56:42,806 INFO 127.0.0.1 - - [09/May/2023 17:56:42] "POST /api/v1/inflation HTTP/1.1" 200 -
2023-05-09 17:56:54,112 INFO 127.0.0.1 - - [09/May/2023 17:56:54] "POST /api/v1/inflation HTTP/1.1" 200 -
2023-05-09 17:57:04,956 INFO 127.0.0.1 - - [09/May/2023 17:57:04] "POST /api/v1/inflation HTTP/1.1" 200 -
2023-05-09 17:57:22,854 INFO 127.0.0.1 - - [09/May/2023 17:57:22] "POST /api/v1/inflation HTTP/1.1" 200 -
2023-05-09 17:57:44,251 INFO 127.0.0.1 - - [09/May/2023 17:57:44] "[32mGET /api/v1 HTTP/1.1[0m" 308 -
2023-05-09 17:57:44,256 INFO 127.0.0.1 - - [09/May/2023 17:57:44] "GET /api/v1/ HTTP/1.1" 200 -
2023-05-09 17:59:59,117 INFO [31m[1mWARNING: This is a development server. Do not use it in a production deployment. Use a production WSGI server instead.[0m
 * Running on http://127.0.0.1:5000
2023-05-09 17:59:59,117 INFO [33mPress CTRL+C to quit[0m
2023-05-09 18:00:07,304 INFO 127.0.0.1 - - [09/May/2023 18:00:07] "[32mGET /api/v1 HTTP/1.1[0m" 308 -
2023-05-09 18:00:07,309 INFO 127.0.0.1 - - [09/May/2023 18:00:07] "GET /api/v1/ HTTP/1.1" 200 -
2023-05-09 18:00:29,427 INFO [31m[1mWARNING: This is a development server. Do not use it in a production deployment. Use a production WSGI server instead.[0m
 * Running on http://127.0.0.1:5000
2023-05-09 18:00:29,427 INFO [33mPress CTRL+C to quit[0m
2023-05-09 18:01:48,399 INFO [31m[1mWARNING: This is a development server. Do not use it in a production deployment. Use a production WSGI server instead.[0m
 * Running on http://127.0.0.1:5000
2023-05-09 18:01:48,399 INFO [33mPress CTRL+C to quit[0m
2023-05-09 18:02:05,510 INFO [31m[1mWARNING: This is a development server. Do not use it in a production deployment. Use a production WSGI server instead.[0m
 * Running on http://127.0.0.1:5000
2023-05-09 18:02:05,510 INFO [33mPress CTRL+C to quit[0m
2023-05-09 18:02:15,263 INFO 127.0.0.1 - - [09/May/2023 18:02:15] "[32mGET /api/v1 HTTP/1.1[0m" 308 -
2023-05-09 18:02:32,248 INFO 127.0.0.1 - - [09/May/2023 18:02:32] "GET /api/v1/ HTTP/1.1" 200 -
2023-05-09 18:02:35,270 INFO 127.0.0.1 - - [09/May/2023 18:02:35] "[32mGET /api/v1 HTTP/1.1[0m" 308 -
2023-05-09 18:03:12,595 INFO 127.0.0.1 - - [09/May/2023 18:03:12] "GET /api/v1/ HTTP/1.1" 200 -
2023-05-09 18:03:22,270 INFO [31m[1mWARNING: This is a development server. Do not use it in a production deployment. Use a production WSGI server instead.[0m
 * Running on http://127.0.0.1:5000
2023-05-09 18:03:22,271 INFO [33mPress CTRL+C to quit[0m
2023-05-09 18:03:22,516 INFO 127.0.0.1 - - [09/May/2023 18:03:22] "[32mGET /api/v1 HTTP/1.1[0m" 308 -
2023-05-09 18:03:22,521 INFO 127.0.0.1 - - [09/May/2023 18:03:22] "GET /api/v1/ HTTP/1.1" 200 -
2023-05-09 18:04:39,243 INFO [31m[1mWARNING: This is a development server. Do not use it in a production deployment. Use a production WSGI server instead.[0m
 * Running on http://127.0.0.1:5000
2023-05-09 18:04:39,243 INFO [33mPress CTRL+C to quit[0m
2023-05-09 18:04:46,276 INFO 127.0.0.1 - - [09/May/2023 18:04:46] "[32mGET /api/v1 HTTP/1.1[0m" 308 -
2023-05-09 18:04:46,288 INFO 127.0.0.1 - - [09/May/2023 18:04:46] "GET /api/v1/ HTTP/1.1" 200 -
2023-05-09 18:05:21,466 INFO [31m[1mWARNING: This is a development server. Do not use it in a production deployment. Use a production WSGI server instead.[0m
 * Running on http://127.0.0.1:5000
2023-05-09 18:05:21,466 INFO [33mPress CTRL+C to quit[0m
2023-05-09 18:05:37,187 INFO 127.0.0.1 - - [09/May/2023 18:05:37] "[32mGET /api/v1 HTTP/1.1[0m" 308 -
2023-05-09 18:05:37,195 INFO 127.0.0.1 - - [09/May/2023 18:05:37] "GET /api/v1/ HTTP/1.1" 200 -
2023-05-09 18:06:46,363 INFO [31m[1mWARNING: This is a development server. Do not use it in a production deployment. Use a production WSGI server instead.[0m
 * Running on http://127.0.0.1:5000
2023-05-09 18:06:46,364 INFO [33mPress CTRL+C to quit[0m
2023-05-09 18:06:49,681 INFO 127.0.0.1 - - [09/May/2023 18:06:49] "[32mGET /api/v1 HTTP/1.1[0m" 308 -
2023-05-09 18:06:49,691 INFO 127.0.0.1 - - [09/May/2023 18:06:49] "GET /api/v1/ HTTP/1.1" 200 -
2023-05-09 18:07:13,627 INFO 127.0.0.1 - - [09/May/2023 18:07:13] "POST /api/v1/inflation HTTP/1.1" 200 -
2023-05-09 18:07:28,897 INFO 127.0.0.1 - - [09/May/2023 18:07:28] "POST /api/v1/inflation HTTP/1.1" 200 -
2023-05-09 18:07:42,046 INFO 127.0.0.1 - - [09/May/2023 18:07:42] "POST /api/v1/inflation HTTP/1.1" 200 -
2023-05-09 18:07:55,156 INFO 127.0.0.1 - - [09/May/2023 18:07:55] "POST /api/v1/inflation HTTP/1.1" 200 -
2023-05-09 18:08:08,833 INFO 127.0.0.1 - - [09/May/2023 18:08:08] "POST /api/v1/inflation HTTP/1.1" 200 -
2023-05-09 18:08:21,503 INFO 127.0.0.1 - - [09/May/2023 18:08:21] "POST /api/v1/inflation HTTP/1.1" 200 -
2023-05-09 18:08:32,589 INFO 127.0.0.1 - - [09/May/2023 18:08:32] "POST /api/v1/inflation HTTP/1.1" 200 -
2023-05-09 18:08:42,396 INFO 127.0.0.1 - - [09/May/2023 18:08:42] "POST /api/v1/inflation HTTP/1.1" 200 -
2023-05-09 18:08:55,437 INFO 127.0.0.1 - - [09/May/2023 18:08:55] "POST /api/v1/inflation HTTP/1.1" 200 -
2023-05-09 18:09:06,688 INFO 127.0.0.1 - - [09/May/2023 18:09:06] "POST /api/v1/inflation HTTP/1.1" 200 -
2023-05-09 18:09:18,393 INFO 127.0.0.1 - - [09/May/2023 18:09:18] "POST /api/v1/inflation HTTP/1.1" 200 -
2023-05-09 18:09:38,924 INFO 127.0.0.1 - - [09/May/2023 18:09:38] "GET /api/v1/ HTTP/1.1" 200 -
2023-05-09 18:13:07,109 INFO [31m[1mWARNING: This is a development server. Do not use it in a production deployment. Use a production WSGI server instead.[0m
 * Running on http://127.0.0.1:5000
2023-05-09 18:13:07,109 INFO [33mPress CTRL+C to quit[0m
2023-05-09 18:13:14,536 INFO 127.0.0.1 - - [09/May/2023 18:13:14] "GET /api/v1/ HTTP/1.1" 200 -
2023-05-09 18:35:48,197 INFO [31m[1mWARNING: This is a development server. Do not use it in a production deployment. Use a production WSGI server instead.[0m
 * Running on http://127.0.0.1:5000
2023-05-09 18:35:48,197 INFO [33mPress CTRL+C to quit[0m
2023-05-09 18:36:11,271 INFO [31m[1mWARNING: This is a development server. Do not use it in a production deployment. Use a production WSGI server instead.[0m
 * Running on http://127.0.0.1:5000
2023-05-09 18:36:11,271 INFO [33mPress CTRL+C to quit[0m
2023-05-09 18:36:23,338 INFO 127.0.0.1 - - [09/May/2023 18:36:23] "POST /api/v1/get_recommendation HTTP/1.1" 200 -
2023-05-09 18:59:31,308 INFO [31m[1mWARNING: This is a development server. Do not use it in a production deployment. Use a production WSGI server instead.[0m
 * Running on http://127.0.0.1:5000
2023-05-09 18:59:31,308 INFO [33mPress CTRL+C to quit[0m
2023-05-09 18:59:52,602 ERROR Exception on /api/v1/get_recommendation [POST]
Traceback (most recent call last):
  File "C:\Users\shaza\PycharmProjects\pythonProject\venv\lib\site-packages\flask\app.py", line 2528, in wsgi_app
    response = self.full_dispatch_request()
  File "C:\Users\shaza\PycharmProjects\pythonProject\venv\lib\site-packages\flask\app.py", line 1825, in full_dispatch_request
    rv = self.handle_user_exception(e)
  File "C:\Users\shaza\PycharmProjects\pythonProject\venv\lib\site-packages\flask_cors\extension.py", line 165, in wrapped_function
    return cors_after_request(app.make_response(f(*args, **kwargs)))
  File "C:\Users\shaza\PycharmProjects\pythonProject\venv\lib\site-packages\flask\app.py", line 1823, in full_dispatch_request
    rv = self.dispatch_request()
  File "C:\Users\shaza\PycharmProjects\pythonProject\venv\lib\site-packages\flask\app.py", line 1799, in dispatch_request
    return self.ensure_sync(self.view_functions[rule.endpoint])(**view_args)
  File "D:\FYP\Implementation\FYP-Implementation-for-deloyment\salary-recommendation-backend\Controller\Controller.py", line 69, in get_recommendation
    created_response = get_recommendation_result.save(db.session, recommendation_system)
  File "D:\FYP\Implementation\FYP-Implementation-for-deloyment\salary-recommendation-backend\ServiceImplementation\GetRecommendationServiceImpl.py", line 161, in save
    content_salary = add_inflation_details(recommendation['content_based_filtering'],db_session)
  File "D:\FYP\Implementation\FYP-Implementation-for-deloyment\salary-recommendation-backend\ServiceImplementation\GetRecommendationServiceImpl.py", line 27, in add_inflation_details
    inflation_amount = salary['salary_amount'] * rate
TypeError: unsupported operand type(s) for *: 'decimal.Decimal' and 'float'
2023-05-09 18:59:52,608 INFO 127.0.0.1 - - [09/May/2023 18:59:52] "[35m[1mPOST /api/v1/get_recommendation HTTP/1.1[0m" 500 -
2023-05-09 19:00:10,719 INFO [31m[1mWARNING: This is a development server. Do not use it in a production deployment. Use a production WSGI server instead.[0m
 * Running on http://127.0.0.1:5000
2023-05-09 19:00:10,719 INFO [33mPress CTRL+C to quit[0m
2023-05-09 19:02:25,234 ERROR Exception on /api/v1/get_recommendation [POST]
Traceback (most recent call last):
  File "C:\Users\shaza\PycharmProjects\pythonProject\venv\lib\site-packages\flask\app.py", line 2528, in wsgi_app
    response = self.full_dispatch_request()
  File "C:\Users\shaza\PycharmProjects\pythonProject\venv\lib\site-packages\flask\app.py", line 1825, in full_dispatch_request
    rv = self.handle_user_exception(e)
  File "C:\Users\shaza\PycharmProjects\pythonProject\venv\lib\site-packages\flask_cors\extension.py", line 165, in wrapped_function
    return cors_after_request(app.make_response(f(*args, **kwargs)))
  File "C:\Users\shaza\PycharmProjects\pythonProject\venv\lib\site-packages\flask\app.py", line 1823, in full_dispatch_request
    rv = self.dispatch_request()
  File "C:\Users\shaza\PycharmProjects\pythonProject\venv\lib\site-packages\flask\app.py", line 1799, in dispatch_request
    return self.ensure_sync(self.view_functions[rule.endpoint])(**view_args)
  File "D:\FYP\Implementation\FYP-Implementation-for-deloyment\salary-recommendation-backend\Controller\Controller.py", line 69, in get_recommendation
    created_response = get_recommendation_result.save(db.session, recommendation_system)
  File "D:\FYP\Implementation\FYP-Implementation-for-deloyment\salary-recommendation-backend\ServiceImplementation\GetRecommendationServiceImpl.py", line 161, in save
    content_salary = add_inflation_details(recommendation['content_based_filtering'],db_session)
  File "D:\FYP\Implementation\FYP-Implementation-for-deloyment\salary-recommendation-backend\ServiceImplementation\GetRecommendationServiceImpl.py", line 27, in add_inflation_details
    inflation_amount = salary['salary_amount'] * rate
TypeError: unsupported operand type(s) for *: 'decimal.Decimal' and 'float'
2023-05-09 19:02:25,247 INFO 127.0.0.1 - - [09/May/2023 19:02:25] "[35m[1mPOST /api/v1/get_recommendation HTTP/1.1[0m" 500 -
2023-05-09 19:04:18,578 INFO [31m[1mWARNING: This is a development server. Do not use it in a production deployment. Use a production WSGI server instead.[0m
 * Running on http://127.0.0.1:5000
2023-05-09 19:04:18,578 INFO [33mPress CTRL+C to quit[0m
2023-05-09 19:05:43,477 INFO [31m[1mWARNING: This is a development server. Do not use it in a production deployment. Use a production WSGI server instead.[0m
 * Running on http://127.0.0.1:5000
2023-05-09 19:05:43,478 INFO [33mPress CTRL+C to quit[0m
2023-05-09 19:08:19,014 INFO [31m[1mWARNING: This is a development server. Do not use it in a production deployment. Use a production WSGI server instead.[0m
 * Running on http://127.0.0.1:5000
2023-05-09 19:08:19,014 INFO [33mPress CTRL+C to quit[0m
2023-05-09 19:08:29,850 INFO 127.0.0.1 - - [09/May/2023 19:08:29] "POST /api/v1/get_recommendation HTTP/1.1" 200 -
2023-05-09 19:10:57,677 INFO [31m[1mWARNING: This is a development server. Do not use it in a production deployment. Use a production WSGI server instead.[0m
 * Running on http://127.0.0.1:5000
2023-05-09 19:10:57,677 INFO [33mPress CTRL+C to quit[0m
2023-05-09 19:11:06,552 INFO 127.0.0.1 - - [09/May/2023 19:11:06] "POST /api/v1/get_recommendation HTTP/1.1" 200 -
2023-05-09 19:11:31,317 INFO [31m[1mWARNING: This is a development server. Do not use it in a production deployment. Use a production WSGI server instead.[0m
 * Running on http://127.0.0.1:5000
2023-05-09 19:11:31,317 INFO [33mPress CTRL+C to quit[0m
2023-05-09 19:11:45,206 INFO [31m[1mWARNING: This is a development server. Do not use it in a production deployment. Use a production WSGI server instead.[0m
 * Running on http://127.0.0.1:5000
2023-05-09 19:11:45,207 INFO [33mPress CTRL+C to quit[0m
2023-05-09 19:11:54,461 INFO 127.0.0.1 - - [09/May/2023 19:11:54] "POST /api/v1/get_recommendation HTTP/1.1" 200 -
2023-05-09 19:12:11,438 INFO [31m[1mWARNING: This is a development server. Do not use it in a production deployment. Use a production WSGI server instead.[0m
 * Running on http://127.0.0.1:5000
2023-05-09 19:12:11,438 INFO [33mPress CTRL+C to quit[0m
2023-05-09 19:12:17,186 INFO 127.0.0.1 - - [09/May/2023 19:12:17] "POST /api/v1/get_recommendation HTTP/1.1" 200 -
2023-05-09 19:13:36,381 INFO [31m[1mWARNING: This is a development server. Do not use it in a production deployment. Use a production WSGI server instead.[0m
 * Running on http://127.0.0.1:5000
2023-05-09 19:13:36,381 INFO [33mPress CTRL+C to quit[0m
2023-05-09 19:13:45,103 INFO 127.0.0.1 - - [09/May/2023 19:13:45] "POST /api/v1/get_recommendation HTTP/1.1" 200 -
2023-05-09 19:14:13,894 INFO [31m[1mWARNING: This is a development server. Do not use it in a production deployment. Use a production WSGI server instead.[0m
 * Running on http://127.0.0.1:5000
2023-05-09 19:14:13,895 INFO [33mPress CTRL+C to quit[0m
2023-05-09 19:14:20,113 INFO 127.0.0.1 - - [09/May/2023 19:14:20] "POST /api/v1/get_recommendation HTTP/1.1" 200 -
2023-05-09 19:14:49,459 INFO [31m[1mWARNING: This is a development server. Do not use it in a production deployment. Use a production WSGI server instead.[0m
 * Running on http://127.0.0.1:5000
2023-05-09 19:14:49,459 INFO [33mPress CTRL+C to quit[0m
2023-05-09 19:15:00,578 INFO 127.0.0.1 - - [09/May/2023 19:15:00] "POST /api/v1/get_recommendation HTTP/1.1" 200 -
2023-05-09 19:15:38,739 INFO [31m[1mWARNING: This is a development server. Do not use it in a production deployment. Use a production WSGI server instead.[0m
 * Running on http://127.0.0.1:5000
2023-05-09 19:15:38,739 INFO [33mPress CTRL+C to quit[0m
2023-05-09 19:16:11,490 INFO [31m[1mWARNING: This is a development server. Do not use it in a production deployment. Use a production WSGI server instead.[0m
 * Running on http://127.0.0.1:5000
2023-05-09 19:16:11,490 INFO [33mPress CTRL+C to quit[0m
2023-05-09 19:16:24,587 INFO [31m[1mWARNING: This is a development server. Do not use it in a production deployment. Use a production WSGI server instead.[0m
 * Running on http://127.0.0.1:5000
2023-05-09 19:16:24,587 INFO [33mPress CTRL+C to quit[0m
2023-05-09 19:16:36,361 INFO 127.0.0.1 - - [09/May/2023 19:16:36] "POST /api/v1/get_recommendation HTTP/1.1" 200 -
